Copiando -> disco2/"Wrong.Turn.4.UNRATED.BrRip.Xvid.Audio.Latino.Ac3.5.1-Maurixio"
Sun May 31 19:42:46 -04 2020 :: Copiando -> disco2/"- 10 Years (2011) 720p BDRip Dual Latino-Ingles [Subt. Esp]"
Sun May 31 19:42:46 -04 2020 :: Copiando -> disco2/"- Ace Ventura 2 When Nature Calls (1995)  m720p HDTV Dual Latino-Ingles [Subt. Esp]"
Sun May 31 19:42:46 -04 2020 :: Copiando -> disco2/"- Ace Ventura Pet Detective (1994) m720p HDTV Dual Latino-Ingles [Subt. Esp]"
Sun May 31 19:42:46 -04 2020 :: Copiando -> disco2/"- After Earth (2013) 1080p BDRip Dual Latino-Ingles [Subt. Esp]"
Sun May 31 19:42:46 -04 2020 :: Copiando -> disco2/"- Age Of The Dragons 320p BDRip Audio Ingles [Subt. Esp]"
Sun May 31 19:42:46 -04 2020 :: Copiando -> disco2/"- Alien (1979) Director's Cut m-720p BDRip Dual Latino-Ingles [Subt. Esp]"
Sun May 31 19:42:46 -04 2020 :: Copiando -> disco2/"- Alien 3 (1992) Special Edition 1080p BDRip Dual Latino-Ingles [Subt. Esp-Ing]"
Sun May 31 19:42:46 -04 2020 :: Copiando -> disco2/"- Alien Resurrection (1997) Special Edition 720p BDRip Dual Latino-Ingles [Subt. Esp-Ing]"
Sun May 31 19:42:46 -04 2020 :: Copiando -> disco2/"- Alpha and Omega (2010) 720p Dual Latino-Ingles [Subt. Esp]"
Sun May 31 19:42:46 -04 2020 :: Copiando -> disco2/"- A Monster In Paris (2011) 720p BDRip Dual Latino-Ingles [Subt. Esp]"
Sun May 31 19:42:46 -04 2020 :: Copiando -> disco2/"- Apollo 18 (2011) 320p BDRip Audio Latino"
Sun May 31 19:42:46 -04 2020 :: Copiando -> disco2/"- Arena (2011) 320p BDRip Audio Latino"
Sun May 31 19:42:46 -04 2020 :: Copiando -> disco2/"- Atame (1990) m720p BDRip Audio Español"
Sun May 31 19:42:46 -04 2020 :: Copiando -> disco2/"- Atlantis Milo's Return (2003) 720p BDRip  Dual Latino-Ingles [Subt. Esp]"
Sun May 31 19:42:46 -04 2020 :: Copiando -> disco2/"Avatar Extended 1080p Dual Latino-Ingles [Subt. Esp]"
Sun May 31 19:42:46 -04 2020 :: Copiando -> disco2/"Bad Ass (2012) m720p  Dual Latino-Ingles [Subt. Esp]"
Sun May 31 19:42:46 -04 2020 :: Copiando -> disco2/"Batman The Dark Knight (2008) 1080p  Dual Latino-Ingles [Subt. Esp]"
Sun May 31 19:42:46 -04 2020 :: Copiando -> disco2/"Beautiful Creatures (2013) m-720p  Dual Latino-Ingles [Subt. Esp]"
Sun May 31 19:42:46 -04 2020 :: Copiando -> disco2/"Ben-Hur (1959) 320p BDRip Audio Latino"
Sun May 31 19:42:46 -04 2020 :: Copiando -> disco2/"Big Trouble in Little China (1986) m720p  Dual Latino-Ingles [Subt. Esp]"
Sun May 31 19:42:46 -04 2020 :: Copiando -> disco2/"Blade Runner (1982) 720p BDRip Dual Latino-Inglés [Subt. Esp]"
Sun May 31 19:42:46 -04 2020 :: Copiando -> disco2/"Bram Stoker's Dracula (1992) 1080p BDRip Dual Latino-Ingles [Subt. Esp]"
Sun May 31 19:42:46 -04 2020 :: Copiando -> disco2/"Brave (2012) 720p Dual Latino-Ingles [Subt. Esp]"
Sun May 31 19:42:46 -04 2020 :: Copiando -> disco2/"Bullet To The Head (2012) 720p BDRip  Dual Latino-Ingles [Subt. Esp]"
Sun May 31 19:42:46 -04 2020 :: Copiando -> disco2/"Captain America The First Avenger (2011) m720p  Dual Latino-Ingles [Subt. Esp]"
Sun May 31 19:42:46 -04 2020 :: Copiando -> disco2/"Carrie (1976) 320p BDRip Audio Latino"
Sun May 31 19:42:46 -04 2020 :: Copiando -> disco2/"Cat In The Hat (2003) BDRip 320p Audio Latino"
Sun May 31 19:42:46 -04 2020 :: Copiando -> disco2/"Chronicle (2012) 320p BDRip Audio Latino "
Sun May 31 19:42:46 -04 2020 :: Copiando -> disco2/"Cloud Atlas (2012) m720p BDRip Dual Latino-Ingles [Subt. Esp]"
Sun May 31 19:42:46 -04 2020 :: Copiando -> disco2/"Colombiana (2011) 320p BDRip Dual Audio Latino"
Sun May 31 19:42:46 -04 2020 :: Copiando -> disco2/"Constantine (2005) 720p BDRip Dual Latino-Ingles [Subt. Esp]"
Sun May 31 19:42:46 -04 2020 :: Copiando -> disco2/"Cowboy Bebop The Movie (2001) 720p BDRip Dual Latino-Ingles [Subt. Esp]"
Sun May 31 19:42:46 -04 2020 :: Copiando -> disco2/"Cowboys and Aliens (2011) 1080p Dual Latino-Ingles [Subt. Esp]"
Sun May 31 19:42:46 -04 2020 :: Copiando -> disco2/"Curse of Chucky (2013) 720p BDRip Dual Latino-Ingles [Subt. Esp]"
Sun May 31 19:42:46 -04 2020 :: Copiando -> disco2/"Dark Shadows (2012) 1080p Dual Latino-Ingles [Subt. Esp]"
Sun May 31 19:42:46 -04 2020 :: Copiando -> disco2/"Dark Skies (2013) 720p BDRip Dual Latino-Ingles [Subt. Esp]"
Sun May 31 19:42:46 -04 2020 :: Copiando -> disco2/"David Guetta - iTunes Festival London 2014 1080p WEB-DL AAC2.0 H.264"
Sun May 31 19:42:46 -04 2020 :: Copiando -> disco2/"Death Race 3 Inferno (2013) 720p BDRip Dual Latino-Ingles [Subt. Esp]"
Sun May 31 19:42:46 -04 2020 :: Copiando -> disco2/"Despicable Me 2 (2013) 1080p BDRip Dual Latino-Ingles [Subt. Esp]"
Sun May 31 19:42:46 -04 2020 :: Copiando -> disco2/"Die Hard (1988) 720p Dual Latino-Ingles [Subt. Esp]"
Sun May 31 19:42:46 -04 2020 :: Copiando -> disco2/"Die hard 2 (1990) 720p Dual Latino-Ingles [Subt. Esp]"
Sun May 31 19:42:46 -04 2020 :: Copiando -> disco2/"Die hard 3 with a vengeance (1995) 720p Dual Latino-Ingles [Subt. Esp]"
Sun May 31 19:42:46 -04 2020 :: Copiando -> disco2/"Die hard 4 Live free or die hard (2007) 720p Dual Latino-Ingles [Subt. Esp]"
Sun May 31 19:42:46 -04 2020 :: Copiando -> disco2/"Dragon Ball Z - Battle of Gods (2013) 1080p BDRip Japons [Subt. Esp]"
Sun May 31 19:42:46 -04 2020 :: Copiando -> disco2/"DreamWorks Spooky Stories (2012) m720p Dual Latino-Ingles [Subt. Esp]"
Sun May 31 19:42:46 -04 2020 :: Copiando -> disco2/"Dredd (2012) 1080p Dual Latino-Ingles [Subt. Esp]"
Sun May 31 19:42:46 -04 2020 :: Copiando -> disco2/"Edward Scissorhands (1990) 1080p Dual Latino-Ingles [Subt. Esp]"
Sun May 31 19:42:46 -04 2020 :: Copiando -> disco2/"Enemy Mine (1985) 720p BDRip Dual Latino-Ingles [Subt. Esp]"
Sun May 31 19:42:46 -04 2020 :: Copiando -> disco2/"Escape from Planet Earth (2013) 720p BDRip Dual Latino-Ingles [Subt. Esp]"
Sun May 31 19:42:46 -04 2020 :: Copiando -> disco2/"Evangelion 1.11 You Are (Not) Alone (2007) 1080p BDRip Dual Japones-Ingles [Subt. Esp]"
Sun May 31 19:42:46 -04 2020 :: Copiando -> disco2/"Evangelion 2.22 You Can (Not) Advance (2009) 1080p BDRip Dual Japones-Ingles [Subt. Esp]"
Sun May 31 19:42:46 -04 2020 :: Copiando -> disco2/"Evangelion 3.33 You Can (Not) Redo (2012) 1080p BDRip Audio Japones [Subt. Esp]"
Sun May 31 19:42:46 -04 2020 :: Copiando -> disco2/"Evil Dead II - Dead By Dawn (1987) 720p BDRip Dual Latino-Ingles [Subt. Esp-Ing]"
Sun May 31 19:42:46 -04 2020 :: Copiando -> disco2/"Final Destination 5 (2011) 320p BDRip Audio Latino"
Sun May 31 19:42:46 -04 2020 :: Copiando -> disco2/"Frankenweenie (2012) 720p BDRip Dual Latino-Ingles [Subt. Esp]"
Sun May 31 19:42:46 -04 2020 :: Copiando -> disco2/"Getaway (2013) 720p BDRip Dual Latino-Ingles [Subt. Esp]"
Sun May 31 19:42:46 -04 2020 :: Copiando -> disco2/"Ghost Rider Spirit Of Vengeance (2012) 320p DVDRip Audio Latino"
Sun May 31 19:42:46 -04 2020 :: Copiando -> disco2/"G.i.Joe - Retaliation (2013) 1080p BDRip Dual Latino-Ingles [Subt. Esp]"
Sun May 31 19:42:46 -04 2020 :: Copiando -> disco2/"Glee The Concert Movie (2011) 320p DVDRip Audio Latino"
Sun May 31 19:42:46 -04 2020 :: Copiando -> disco2/"Gone in Sixty Seconds (2000) 720p BDRip Dual Latino-Ingles [Subt. Esp]"
Sun May 31 19:42:46 -04 2020 :: Copiando -> disco2/"Gremlins (1984) 720p BDRip Dual Latino-Ingles [Subt. Esp]"
Sun May 31 19:42:46 -04 2020 :: Copiando -> disco2/"Gremlins 2 The New Batch (1990) 720p BDRip Dual Latino-Ingles [Subt. Esp]"
Sun May 31 19:42:46 -04 2020 :: Copiando -> disco2/"Grown Ups (2010) 720p BDRip Dual Latino-Ingles [Subt. Esp]"
Sun May 31 19:42:46 -04 2020 :: Copiando -> disco2/"Halo 4 Forward Unto Dawn (2012) 720p BDRip Dual Latino-Ingles [Subt. Esp]"
Sun May 31 19:42:47 -04 2020 :: Copiando -> disco2/"Hansel & Gretel Witch Hunters (2013) 1080p BDRip Dual Latino-Ingles [Subt. Esp]"
Sun May 31 19:42:47 -04 2020 :: Copiando -> disco2/"Hitman (2007) 1080p BDRip Dual Latino-Ingles [Subt. Esp]"
Sun May 31 19:42:47 -04 2020 :: Copiando -> disco2/"Hostel Part III (2011) 320p DVDRip Audio Latino"
Sun May 31 19:42:47 -04 2020 :: Copiando -> disco2/"Hotel Transylvania (2012) 720p BDRip Dual Latino-Ingles [Subt. Esp]"
Sun May 31 19:42:47 -04 2020 :: Copiando -> disco2/"Hugo (2011) 480p DVDRip Audio Latino"
Sun May 31 19:42:47 -04 2020 :: Copiando -> disco2/"Immortals (2011) 480p DVDRip Audio Latino"
Sun May 31 19:42:47 -04 2020 :: Copiando -> disco2/"Iron Man (2008) 1080p BDRip Dual Latino-Ingles [Subt. Esp]"
Sun May 31 19:42:47 -04 2020 :: Copiando -> disco2/"Iron Man 2 (2010) 1080p BDRip Dual Latino-Ingles [Subt. Esp]"
Sun May 31 19:42:47 -04 2020 :: Copiando -> disco2/"Iron Man 3 (2013) 1080p BDRip Dual Latino-Ingles [Subt. Esp]"
Sun May 31 19:42:47 -04 2020 :: Copiando -> disco2/"Iron Man Rise of Technovore (2013) 1080p BDRip Dual Latino-Ingles [Subt. Esp]"
Sun May 31 19:42:47 -04 2020 :: Copiando -> disco2/"Jack the Giant Slayer (2013) 1080p BDRip Dual Latino-Ingles [Subt. Esp]"
Sun May 31 19:42:47 -04 2020 :: Copiando -> disco2/"Jamiroquai Live at Montreux (2003) 720p BDRip"
Sun May 31 19:42:47 -04 2020 :: Copiando -> disco2/"Johnny English Reborn (2011) 320p DVDRip Audio Latino"
Sun May 31 19:42:47 -04 2020 :: Copiando -> disco2/"Judge Dredd (1995) 480p BDRip Audio Latino"
Sun May 31 19:42:47 -04 2020 :: Copiando -> disco2/"Justice League Doom (2012) 480p BDRip Audio Latino"
Sun May 31 19:42:47 -04 2020 :: Copiando -> disco2/"Kung Fu Hustle (2004) 720p BDRip Dual Latino-Chino [Subt. Esp]"
Sun May 31 19:42:47 -04 2020 :: Copiando -> disco2/"Kung Fu Panda Holiday Special  (2010) 420p HDTVRip Audio Latino"
Sun May 31 19:42:47 -04 2020 :: Copiando -> disco2/"La casa del fin de los tiempos (2013) 720p BDRip Audio Latino"
Sun May 31 19:42:47 -04 2020 :: Copiando -> disco2/"Lara Croft Tomb Raider (2001) 720p BDRip Dual Latino-Ingles [Subt. Esp]"
Sun May 31 19:42:47 -04 2020 :: Copiando -> disco2/"Lara Croft Tomb Raider - The Cradle of Life (2003) 720p BDRip Dual Latino-Ingles [Subt. Esp]"
Sun May 31 19:42:47 -04 2020 :: Copiando -> disco2/"Legend of the Guardians The Owls of Ga'Hoole (2010) 1080p BDRip Dual Latino-Ingles [Subt. Esp]"
Sun May 31 19:42:47 -04 2020 :: Copiando -> disco2/"Legionnaire (1998) 320p DVDRip Audio Latino"
Sun May 31 19:42:47 -04 2020 :: Copiando -> disco2/"Lego Batman The Movie DC Superheroes Unite (2013) 720p BDRip Dual Latino-Ingles [Subt. Esp]"
Sun May 31 19:42:47 -04 2020 :: Copiando -> disco2/"Leon. The Professional [Extended Edition] (1994) 720p Dual"
Sun May 31 19:42:47 -04 2020 :: Copiando -> disco2/"Life Of Pi (2012) 1080p BDRip Dual Latino-Ingles [Subt. Esp]"
Sun May 31 19:42:47 -04 2020 :: Copiando -> disco2/"Linkin Park - Road to Revolution Live at Milton Keynes (2008) 1080p DTS [Ac3]"
Sun May 31 19:42:47 -04 2020 :: Copiando -> disco2/"lista1.txt"
Sun May 31 19:42:47 -04 2020 :: Copiando -> disco2/"Lockout (2012) UNRATED BDRip 1080p BDRip Dual Latino-Ingles [Subt. Esp]"
Sun May 31 19:42:47 -04 2020 :: Copiando -> disco2/"Looper (2012) 1080p BDRip BDRip Dual Latino-Ingles [Subt. Esp]"
Sun May 31 19:42:47 -04 2020 :: Copiando -> disco2/"Margaret (2011) 720p BDRip Dual Latino-Ingles [Subt. Esp]"
Sun May 31 19:42:47 -04 2020 :: Copiando -> disco2/"Minority Report (2002) 720p BDRip Dual Latino-Ingles [Subt. Esp]"
Sun May 31 19:42:47 -04 2020 :: Copiando -> disco2/"Mission Impossible Ghost Protocol (2011) 320p DVDRip Latino"
Sun May 31 19:42:47 -04 2020 :: Copiando -> disco2/"Monsters Inc (2001) 1080p BDRip Dual Latino-Ingles [Subt. Esp]"
Sun May 31 19:42:47 -04 2020 :: Copiando -> disco2/"Monsters University (2013) 1080p BDRip Dual Latino-Ingles [Subt. Esp]"
Sun May 31 19:42:47 -04 2020 :: Copiando -> disco2/"Mr. & Mrs. Smith (2005) 1080p BDRip Dual Latino-Ingles [Subt. Esp]"
Sun May 31 19:42:47 -04 2020 :: Copiando -> disco2/"Oblivion (2013) 1080p BDRip Dual Latino-Ingles [Subt. Esp]"
Sun May 31 19:42:47 -04 2020 :: Copiando -> disco2/"Oz the Great and Powerful (2013) 1080p BDRip Dual Latino-Ingles [Subt. Esp]"
Sun May 31 19:42:47 -04 2020 :: Copiando -> disco2/"Pacific Rim (2013) 1080p BDRip Dual Latino-Ingles [Subt. Esp]"
Sun May 31 19:42:47 -04 2020 :: Copiando -> disco2/"Pain & Gain (2013) 1080p BDRip Dual Latino-Ingles [Subt. Esp]"
Sun May 31 19:42:47 -04 2020 :: Copiando -> disco2/"Paranormal Activity 4 (2012) UNRATED 1080p BDRip Dual Latino-Ingles [Subt. Esp]"
Sun May 31 19:42:47 -04 2020 :: Copiando -> disco2/"ParaNorman (2012) 1080p BDRip Dual Latino-Ingles [Subt. Esp]"
Sun May 31 19:42:47 -04 2020 :: Copiando -> disco2/"Percy Jackson Sea of Monsters (2013) 1080p BDRip BDRip Dual Latino-Ingles [Subt. Esp]"
Sun May 31 19:42:47 -04 2020 :: Copiando -> disco2/"Pirates Of The Caribbean At Worlds End (2007) 720p BDRip Dual Latino-Ingles [Subt. Esp]"
Sun May 31 19:42:47 -04 2020 :: Copiando -> disco2/"Pirates Of The Caribbean Dead Mans Chest (2006) 720p BDRip Dual Latino-Ingles [Subt. Esp]"
Sun May 31 19:42:47 -04 2020 :: Copiando -> disco2/"Pirates Of The Caribbean On Stranger Tides (2011) 720p BDRip Dual Latino-Ingles [Subt. Esp]"
Sun May 31 19:42:47 -04 2020 :: Copiando -> disco2/"Pirates Of The Caribbean The Curse Of The Black Pearl (2003) 720p BDRip Dual Latino-Ingles [Subt. Esp]"
Sun May 31 19:42:47 -04 2020 :: Copiando -> disco2/"Pitch Perfect (2012) 720p BDRip Dual Latino-Ingles [Subt. Esp]"
Sun May 31 19:42:47 -04 2020 :: Copiando -> disco2/"Pixar Short Films Collection Vol. 2 (2012) 720p Audio Latino"
Sun May 31 19:42:47 -04 2020 :: Copiando -> disco2/"Premium Rush (2012) 720p BDRip Dual Latino-Ingles [Subt. Esp]"
Sun May 31 19:42:47 -04 2020 :: Copiando -> disco2/"Prince of Persia The Sands of Time (2010) 1080p BDRip Dual Latino-Ingles [Subt. Esp]"
Sun May 31 19:42:47 -04 2020 :: Copiando -> disco2/"Project X (2012) DVDRip Audio Latino"
Sun May 31 19:42:47 -04 2020 :: Copiando -> disco2/"Prometheus (2012) 1080p BDRip Dual Latino-Ingles [Subt. Esp]"
Sun May 31 19:42:47 -04 2020 :: Copiando -> disco2/"Pulp Fiction (1994) 720p BDRip Dual Latino-Ingles [Subt. Esp]"
Sun May 31 19:42:47 -04 2020 :: Copiando -> disco2/"Puss In Boots (2011) 320p DVDRip Audio Latino"
Sun May 31 19:42:47 -04 2020 :: Copiando -> disco2/"Puss in Boots The Three Diablos (2011) 480p BDRip Audio Latino"
Sun May 31 19:42:47 -04 2020 :: Copiando -> disco2/"Quantum Apocalypse (2010) 480p BDRip Audio Latino"
Sun May 31 19:42:47 -04 2020 :: Copiando -> disco2/"Que Pena Tu Boda HDRip Audio Latino"
Sun May 31 19:42:47 -04 2020 :: Copiando -> disco2/"Rango (2011) EXTENDED 720p BDRip Dual Latino-Ingles [Subt. Esp]"
Sun May 31 19:42:47 -04 2020 :: Copiando -> disco2/"Real Steel (2011) 480p BDRip Latino"
Sun May 31 19:42:47 -04 2020 :: Copiando -> disco2/"REC 4 Apocalypse (2014) 1080p BDRip Audio Español"
Sun May 31 19:42:47 -04 2020 :: Copiando -> disco2/"$RECYCLE.BIN"
Sun May 31 19:42:47 -04 2020 :: Copiando -> disco2/"Red Tails (2012) 480p BDRip Audio Latino"
Sun May 31 19:42:47 -04 2020 :: Copiando -> disco2/"Resident Evil Damnation (2012) 480p BDRip Audio Latino"
Sun May 31 19:42:47 -04 2020 :: Copiando -> disco2/"Rise of the Guardians (2012) 1080p BDRip Dual Latino-Ingles [Subt. Esp]"
Sun May 31 19:42:47 -04 2020 :: Copiando -> disco2/"RoboCop 1 (1987) 480p BDRip Audio Latino"
Sun May 31 19:42:47 -04 2020 :: Copiando -> disco2/"RoboCop 2 (1990) 480p BDRip Audio Latino"
Sun May 31 19:42:47 -04 2020 :: Copiando -> disco2/"RoboCop 3 (1993) 480p BDRip Audio Latino"
Sun May 31 19:42:47 -04 2020 :: Copiando -> disco2/"Rocky II (1979) 720p BDRip Dual Latino-Ingles [Subt. Esp]"
Sun May 31 19:42:47 -04 2020 :: Copiando -> disco2/"Rocky III (1982) 720p BDRip Dual Latino-Ingles [Subt. Esp]"
Sun May 31 19:42:47 -04 2020 :: Copiando -> disco2/"Rocky IV (1985) 720p BDRip Dual Latino-Ingles [Subt. Esp]"
Sun May 31 19:42:47 -04 2020 :: Copiando -> disco2/"Rocky V (1990) 720p BDRip Dual Latino-Ingles [Subt. Esp]"
Sun May 31 19:42:47 -04 2020 :: Copiando -> disco2/"Scary Movie (2013) 1080p BDRip Dual Latino-Ingles [Subt. Esp]"
Sun May 31 19:42:47 -04 2020 :: Copiando -> disco2/"Sherlock Holmes A Game Of Shadows (2011) 720p BDRip Dual Latino-Ingles [Subt. Esp]"
Sun May 31 19:42:47 -04 2020 :: Copiando -> disco2/"Silent Hill (2006) 1080p BDRip Dual Latino-Ingles [Subt. Esp]"
Sun May 31 19:42:47 -04 2020 :: Copiando -> disco2/"Silent Hill Revelation (2012) 1080p BDRip Dual Latino-Ingles [Subt. Esp]"
Sun May 31 19:42:47 -04 2020 :: Copiando -> disco2/"Sinister (2012) 720p BDRip Dual Latino-Ingles [Subt. Esp]"
Sun May 31 19:42:47 -04 2020 :: Copiando -> disco2/"Snow White and the Huntsman (2012) EXTENDED 1080p BDRip Dual Latino-Ingles [Subt. Esp]"
Sun May 31 19:42:47 -04 2020 :: Copiando -> disco2/"Starship Troopers Invasion (2012) 720p BDRip Dual Latino-Ingles [Subt. Esp]"
Sun May 31 19:42:47 -04 2020 :: Copiando -> disco2/"Star Trek Into Darkness (2013) 1080p BDRip Dual Latino-Ingles [Subt. Esp]"
Sun May 31 19:42:47 -04 2020 :: Copiando -> disco2/"Sting Live In Berlin (2010) 720p BDRip"
Sun May 31 19:42:47 -04 2020 :: Copiando -> disco2/"Super 8 (2011) 1080p BDRip Dual Latino-Ingles [Subt. Esp]"
Sun May 31 19:42:47 -04 2020 :: Copiando -> disco2/"Surfer Dude (2008) 320p DVDRip Audio Latino"
Sun May 31 19:42:47 -04 2020 :: Copiando -> disco2/"System Volume Information"
Sun May 31 19:42:47 -04 2020 :: Copiando -> disco2/"Taken 2 (2012) UNRATED EXTENDED 720p BDRip Dual Latino-Ingles [Subt. Esp]"
Sun May 31 19:42:47 -04 2020 :: Copiando -> disco2/"Tangled (2010) 720p BDRip Dual Latino-Ingles [Subt. Esp]"
Sun May 31 19:42:47 -04 2020 :: Copiando -> disco2/"Ted (2012) UNRATED 720p BDRip Dual Latino-Ingles [Subt. Esp]"
Sun May 31 19:42:47 -04 2020 :: Copiando -> disco2/"Teen Wolf (1985) 1080p BDRip Dual Latino-Ingles [Subt. Esp]"
Sun May 31 19:42:47 -04 2020 :: Copiando -> disco2/"Tekken (2010) 1080p BDRip Dual Ingles-Espanol [Subt. Esp]"
Sun May 31 19:42:47 -04 2020 :: Copiando -> disco2/"Tengo Ganas De Ti (2012) 1080p BDRip Dual Audio Español"
Sun May 31 19:42:47 -04 2020 :: Copiando -> disco2/"The.Adventures.Of.Tintin.BrRip.Xvid.Audio.Latino.Ac3.5.1-Maurixio"
Sun May 31 19:42:47 -04 2020 :: Copiando -> disco2/"The Amazing SpiderMan (2012) 720p BDRip Dual Latino-Ingles [Subt. Esp]"
Sun May 31 19:42:47 -04 2020 :: Copiando -> disco2/"The Astronaut's Wife (1999) 720p BDRip Dual Latino-Ingles [Subt. Esp]"
Sun May 31 19:42:47 -04 2020 :: Copiando -> disco2/"The Avengers (2012) 1080p BDRip Dual Latino-Ingles [Subt. Esp]"
Sun May 31 19:42:47 -04 2020 :: Copiando -> disco2/"The Conjuring (2013) 1080p BDRip Dual Latino-Ingles [Subt. Esp]"
Sun May 31 19:42:47 -04 2020 :: Copiando -> disco2/"The Croods (2013) 1080p BDRip Dual Latino-Ingles [Subt. Esp]"
Sun May 31 19:42:47 -04 2020 :: Copiando -> disco2/"The Crow (1994) 720p BDRip Dual Latino-Ingles [Subt. Esp]"
Sun May 31 19:42:47 -04 2020 :: Copiando -> disco2/"The Dark Knight Rises (2012) IMAX 1080p BDRip Dual Latino-Ingles [Subt. Esp]"
Sun May 31 19:42:47 -04 2020 :: Copiando -> disco2/"The Day the Earth Stood Still (2008) 1080p BDRip Dual Latino-Ingles [Subt. Esp]"
Sun May 31 19:42:47 -04 2020 :: Copiando -> disco2/"The.Divide"
Sun May 31 19:42:47 -04 2020 :: Copiando -> disco2/"The Expendables (2010) 1080p BDRip Dual Latino-Ingles [Subt. Esp]"
Sun May 31 19:42:47 -04 2020 :: Copiando -> disco2/"The Expendables 2 (2012) 720p BDRip Dual Latino-Ingles [Subt. Esp]"
Sun May 31 19:42:47 -04 2020 :: Copiando -> disco2/"The Grey (2011) 720p BDRip Dual Latino-Ingles [Subt. Esp]"
Sun May 31 19:42:47 -04 2020 :: Copiando -> disco2/"The Heat (2013) UNRATED 1080p BDRip Dual Latino-Ingles [Subt. Esp]"
Sun May 31 19:42:47 -04 2020 :: Copiando -> disco2/"The Hobbit An Unexpected Journey (2012) 1080p BDRip Dual Latino-Ingles [Subt. Esp]"
Sun May 31 19:42:47 -04 2020 :: Copiando -> disco2/"The Host (2013) 720p BDRip Dual Latino-Ingles [Subt. Esp]"
Sun May 31 19:42:47 -04 2020 :: Copiando -> disco2/"The Hunger Games (2012) 1080p BDRip Dual Latino-Ingles [Subt. Esp]"
Sun May 31 19:42:47 -04 2020 :: Copiando -> disco2/"The Impossible (2012) 1080p BDRip Dual Latino-Ingles [Subt. Esp]"
Sun May 31 19:42:47 -04 2020 :: Copiando -> disco2/"The Last Exorcism Part II (2013) UNRATED 720p BDRip Dual Latino-Ingles [Subt. Esp]"
Sun May 31 19:42:47 -04 2020 :: Copiando -> disco2/"The Last Samurai (2003) 720p BDRip Dual Latino-Ingles [Subt. Esp]"
Sun May 31 19:42:47 -04 2020 :: Copiando -> disco2/"The Last Stand (2013) 1080p BDRip Dual Latino-Ingles [Subt. Esp]"
Sun May 31 19:42:47 -04 2020 :: Copiando -> disco2/"The Lone Ranger (2013) 1080p BDRip Dual Latino-Ingles [Subt. Esp]"
Sun May 31 19:42:47 -04 2020 :: Copiando -> disco2/"The Love Guru (2008) m1080p Dual.mkv"
Sun May 31 19:42:47 -04 2020 :: Copiando -> disco2/"The Return of the Living Dead (1985) m720p Dual.mkv"
Sun May 31 19:42:47 -04 2020 :: Copiando -> disco2/"The Rite (2011) 720p BDRip Dual"
Sun May 31 19:42:47 -04 2020 :: Copiando -> disco2/"The School of Rock (2003) m720p Dual"
Sun May 31 19:42:47 -04 2020 :: Copiando -> disco2/"The Smurfs 2 (2013) 1080p BDRip Dual"
Sun May 31 19:42:47 -04 2020 :: Copiando -> disco2/"The.Thing.BrRip.Xvid.Audio.Latino.Ac3.5.1-Maurixio"
Sun May 31 19:42:47 -04 2020 :: Copiando -> disco2/"The.Three.Musketeers.BrRip.Xvid.Audio.Latino.Ac3-Maurixio"
Sun May 31 19:42:47 -04 2020 :: Copiando -> disco2/"The Three Stooges (2012) m720p Dual.mkv"
Sun May 31 19:42:47 -04 2020 :: Copiando -> disco2/"The.Twilight.Saga.Breaking.Dawn.Part1.BrRip.Xvid.Audio.Latino.Ac3.5.1-Maurixio"
Sun May 31 19:42:47 -04 2020 :: Copiando -> disco2/"The Twilight Saga - New Moon"
Sun May 31 19:42:47 -04 2020 :: Copiando -> disco2/"This Is The End (2013) 1080p BDRip Dual"
Sun May 31 19:42:47 -04 2020 :: Copiando -> disco2/"Total.Recall.1990.Lat-Mrx"
Sun May 31 19:42:47 -04 2020 :: Copiando -> disco2/"Treasure Planet (2002) m1080p Dual.mkv"
Sun May 31 19:42:47 -04 2020 :: Copiando -> disco2/"Tropa.De.Elite.1.BrRip.Xvid.Audio.Latino.Ac3-Maurixio"
Sun May 31 19:42:47 -04 2020 :: Copiando -> disco2/"Tropa.De.Elite.2.BrRip.Xvid.Audio.Latino.Ac3-Maurixio"
Sun May 31 19:42:47 -04 2020 :: Copiando -> disco2/"Turbo (2013) 1080p BDRip Dual"
Sun May 31 19:42:47 -04 2020 :: Copiando -> disco2/"Universal Soldier (1992) m720p Dual.mkv"
Sun May 31 19:42:47 -04 2020 :: Copiando -> disco2/"Unknown (2011) m720p Dual.mkv"
Sun May 31 19:42:47 -04 2020 :: Copiando -> disco2/"Wanted (2008) m-720p Dual"
Sun May 31 19:42:47 -04 2020 :: Copiando -> disco2/"Warm Bodies (2013) m-720p Dual"
Sun May 31 19:42:47 -04 2020 :: Copiando -> disco2/"World War Z (2013) Unrated Cut 1080p BDRip Dual"
Sun May 31 19:42:47 -04 2020 :: Copiando -> disco2/"Wreck-It Ralph (2012) 1080p BDRip Dual"
Sun May 31 19:42:47 -04 2020 :: Copiando -> disco2/"Wrong.Turn.4.UNRATED.BrRip.Xvid.Audio.Latino.Ac3.5.1-Maurixio"
Sun May 31 19:43:35 -04 2020 :: Copiando #59 -> disco2/"- 10 Years (2011) 720p BDRip Dual Latino-Ingles [Subt. Esp]"
Sun May 31 19:43:35 -04 2020 :: Copiando #83 -> disco2/"- Ace Ventura 2 When Nature Calls (1995)  m720p HDTV Dual Latino-Ingles [Subt. Esp]"
Sun May 31 19:43:35 -04 2020 :: Copiando #76 -> disco2/"- Ace Ventura Pet Detective (1994) m720p HDTV Dual Latino-Ingles [Subt. Esp]"
Sun May 31 19:43:35 -04 2020 :: Copiando #63 -> disco2/"- After Earth (2013) 1080p BDRip Dual Latino-Ingles [Subt. Esp]"
Sun May 31 19:43:35 -04 2020 :: Copiando #56 -> disco2/"- Age Of The Dragons 320p BDRip Audio Ingles [Subt. Esp]"
Sun May 31 19:43:35 -04 2020 :: Copiando #73 -> disco2/"- Alien (1979) Director's Cut m-720p BDRip Dual Latino-Ingles [Subt. Esp]"
Sun May 31 19:43:35 -04 2020 :: Copiando #79 -> disco2/"- Alien 3 (1992) Special Edition 1080p BDRip Dual Latino-Ingles [Subt. Esp-Ing]"
Sun May 31 19:43:35 -04 2020 :: Copiando #89 -> disco2/"- Alien Resurrection (1997) Special Edition 720p BDRip Dual Latino-Ingles [Subt. Esp-Ing]"
Sun May 31 19:43:35 -04 2020 :: Copiando #60 -> disco2/"- Alpha and Omega (2010) 720p Dual Latino-Ingles [Subt. Esp]"
Sun May 31 19:43:35 -04 2020 :: Copiando #69 -> disco2/"- A Monster In Paris (2011) 720p BDRip Dual Latino-Ingles [Subt. Esp]"
Sun May 31 19:43:35 -04 2020 :: Copiando #42 -> disco2/"- Apollo 18 (2011) 320p BDRip Audio Latino"
Sun May 31 19:43:35 -04 2020 :: Copiando #38 -> disco2/"- Arena (2011) 320p BDRip Audio Latino"
Sun May 31 19:43:35 -04 2020 :: Copiando #40 -> disco2/"- Atame (1990) m720p BDRip Audio Español"
Sun May 31 19:43:35 -04 2020 :: Copiando #74 -> disco2/"- Atlantis Milo's Return (2003) 720p BDRip  Dual Latino-Ingles [Subt. Esp]"
Sun May 31 19:43:35 -04 2020 :: Copiando #52 -> disco2/"Avatar Extended 1080p Dual Latino-Ingles [Subt. Esp]"
Sun May 31 19:43:35 -04 2020 :: Copiando #52 -> disco2/"Bad Ass (2012) m720p  Dual Latino-Ingles [Subt. Esp]"
Sun May 31 19:43:35 -04 2020 :: Copiando #67 -> disco2/"Batman The Dark Knight (2008) 1080p  Dual Latino-Ingles [Subt. Esp]"
Sun May 31 19:43:35 -04 2020 :: Copiando #65 -> disco2/"Beautiful Creatures (2013) m-720p  Dual Latino-Ingles [Subt. Esp]"
Sun May 31 19:43:35 -04 2020 :: Copiando #38 -> disco2/"Ben-Hur (1959) 320p BDRip Audio Latino"
Sun May 31 19:43:35 -04 2020 :: Copiando #72 -> disco2/"Big Trouble in Little China (1986) m720p  Dual Latino-Ingles [Subt. Esp]"
Sun May 31 19:43:35 -04 2020 :: Copiando #61 -> disco2/"Blade Runner (1982) 720p BDRip Dual Latino-Inglés [Subt. Esp]"
Sun May 31 19:43:35 -04 2020 :: Copiando #71 -> disco2/"Bram Stoker's Dracula (1992) 1080p BDRip Dual Latino-Ingles [Subt. Esp]"
Sun May 31 19:43:35 -04 2020 :: Copiando #48 -> disco2/"Brave (2012) 720p Dual Latino-Ingles [Subt. Esp]"
Sun May 31 19:43:35 -04 2020 :: Copiando #68 -> disco2/"Bullet To The Head (2012) 720p BDRip  Dual Latino-Ingles [Subt. Esp]"
Sun May 31 19:43:35 -04 2020 :: Copiando #78 -> disco2/"Captain America The First Avenger (2011) m720p  Dual Latino-Ingles [Subt. Esp]"
Sun May 31 19:43:35 -04 2020 :: Copiando #37 -> disco2/"Carrie (1976) 320p BDRip Audio Latino"
Sun May 31 19:43:35 -04 2020 :: Copiando #45 -> disco2/"Cat In The Hat (2003) BDRip 320p Audio Latino"
Sun May 31 19:43:35 -04 2020 :: Copiando #41 -> disco2/"Chronicle (2012) 320p BDRip Audio Latino "
Sun May 31 19:43:35 -04 2020 :: Copiando #61 -> disco2/"Cloud Atlas (2012) m720p BDRip Dual Latino-Ingles [Subt. Esp]"
Sun May 31 19:43:35 -04 2020 :: Copiando #46 -> disco2/"Colombiana (2011) 320p BDRip Dual Audio Latino"
Sun May 31 19:43:35 -04 2020 :: Copiando #60 -> disco2/"Constantine (2005) 720p BDRip Dual Latino-Ingles [Subt. Esp]"
Sun May 31 19:43:35 -04 2020 :: Copiando #71 -> disco2/"Cowboy Bebop The Movie (2001) 720p BDRip Dual Latino-Ingles [Subt. Esp]"
Sun May 31 19:43:35 -04 2020 :: Copiando #62 -> disco2/"Cowboys and Aliens (2011) 1080p Dual Latino-Ingles [Subt. Esp]"
Sun May 31 19:43:35 -04 2020 :: Copiando #64 -> disco2/"Curse of Chucky (2013) 720p BDRip Dual Latino-Ingles [Subt. Esp]"
Sun May 31 19:43:35 -04 2020 :: Copiando #56 -> disco2/"Dark Shadows (2012) 1080p Dual Latino-Ingles [Subt. Esp]"
Sun May 31 19:43:35 -04 2020 :: Copiando #59 -> disco2/"Dark Skies (2013) 720p BDRip Dual Latino-Ingles [Subt. Esp]"
Sun May 31 19:43:35 -04 2020 :: Copiando #68 -> disco2/"David Guetta - iTunes Festival London 2014 1080p WEB-DL AAC2.0 H.264"
Sun May 31 19:43:35 -04 2020 :: Copiando #69 -> disco2/"Death Race 3 Inferno (2013) 720p BDRip Dual Latino-Ingles [Subt. Esp]"
Sun May 31 19:43:35 -04 2020 :: Copiando #65 -> disco2/"Despicable Me 2 (2013) 1080p BDRip Dual Latino-Ingles [Subt. Esp]"
Sun May 31 19:43:35 -04 2020 :: Copiando #51 -> disco2/"Die Hard (1988) 720p Dual Latino-Ingles [Subt. Esp]"
Sun May 31 19:43:35 -04 2020 :: Copiando #53 -> disco2/"Die hard 2 (1990) 720p Dual Latino-Ingles [Subt. Esp]"
Sun May 31 19:43:35 -04 2020 :: Copiando #70 -> disco2/"Die hard 3 with a vengeance (1995) 720p Dual Latino-Ingles [Subt. Esp]"
Sun May 31 19:43:35 -04 2020 :: Copiando #75 -> disco2/"Die hard 4 Live free or die hard (2007) 720p Dual Latino-Ingles [Subt. Esp]"
Sun May 31 19:43:35 -04 2020 :: Copiando #68 -> disco2/"Dragon Ball Z - Battle of Gods (2013) 1080p BDRip Japons [Subt. Esp]"
Sun May 31 19:43:35 -04 2020 :: Copiando #69 -> disco2/"DreamWorks Spooky Stories (2012) m720p Dual Latino-Ingles [Subt. Esp]"
Sun May 31 19:43:35 -04 2020 :: Copiando #49 -> disco2/"Dredd (2012) 1080p Dual Latino-Ingles [Subt. Esp]"
Sun May 31 19:43:35 -04 2020 :: Copiando #63 -> disco2/"Edward Scissorhands (1990) 1080p Dual Latino-Ingles [Subt. Esp]"
Sun May 31 19:43:35 -04 2020 :: Copiando #59 -> disco2/"Enemy Mine (1985) 720p BDRip Dual Latino-Ingles [Subt. Esp]"
Sun May 31 19:43:35 -04 2020 :: Copiando #73 -> disco2/"Escape from Planet Earth (2013) 720p BDRip Dual Latino-Ingles [Subt. Esp]"
Sun May 31 19:43:35 -04 2020 :: Copiando #86 -> disco2/"Evangelion 1.11 You Are (Not) Alone (2007) 1080p BDRip Dual Japones-Ingles [Subt. Esp]"
Sun May 31 19:43:35 -04 2020 :: Copiando #88 -> disco2/"Evangelion 2.22 You Can (Not) Advance (2009) 1080p BDRip Dual Japones-Ingles [Subt. Esp]"
Sun May 31 19:43:35 -04 2020 :: Copiando #79 -> disco2/"Evangelion 3.33 You Can (Not) Redo (2012) 1080p BDRip Audio Japones [Subt. Esp]"
Sun May 31 19:43:35 -04 2020 :: Copiando #80 -> disco2/"Evil Dead II - Dead By Dawn (1987) 720p BDRip Dual Latino-Ingles [Subt. Esp-Ing]"
Sun May 31 19:43:35 -04 2020 :: Copiando #50 -> disco2/"Final Destination 5 (2011) 320p BDRip Audio Latino"
Sun May 31 19:43:35 -04 2020 :: Copiando #62 -> disco2/"Frankenweenie (2012) 720p BDRip Dual Latino-Ingles [Subt. Esp]"
Sun May 31 19:43:35 -04 2020 :: Copiando #56 -> disco2/"Getaway (2013) 720p BDRip Dual Latino-Ingles [Subt. Esp]"
Sun May 31 19:43:35 -04 2020 :: Copiando #63 -> disco2/"Ghost Rider Spirit Of Vengeance (2012) 320p DVDRip Audio Latino"
Sun May 31 19:43:35 -04 2020 :: Copiando #71 -> disco2/"G.i.Joe - Retaliation (2013) 1080p BDRip Dual Latino-Ingles [Subt. Esp]"
Sun May 31 19:43:35 -04 2020 :: Copiando #54 -> disco2/"Glee The Concert Movie (2011) 320p DVDRip Audio Latino"
Sun May 31 19:43:35 -04 2020 :: Copiando #70 -> disco2/"Gone in Sixty Seconds (2000) 720p BDRip Dual Latino-Ingles [Subt. Esp]"
Sun May 31 19:43:35 -04 2020 :: Copiando #57 -> disco2/"Gremlins (1984) 720p BDRip Dual Latino-Ingles [Subt. Esp]"
Sun May 31 19:43:35 -04 2020 :: Copiando #73 -> disco2/"Gremlins 2 The New Batch (1990) 720p BDRip Dual Latino-Ingles [Subt. Esp]"
Sun May 31 19:43:35 -04 2020 :: Copiando #58 -> disco2/"Grown Ups (2010) 720p BDRip Dual Latino-Ingles [Subt. Esp]"
Sun May 31 19:43:35 -04 2020 :: Copiando #73 -> disco2/"Halo 4 Forward Unto Dawn (2012) 720p BDRip Dual Latino-Ingles [Subt. Esp]"
Sun May 31 19:43:35 -04 2020 :: Copiando #79 -> disco2/"Hansel & Gretel Witch Hunters (2013) 1080p BDRip Dual Latino-Ingles [Subt. Esp]"
Sun May 31 19:43:35 -04 2020 :: Copiando #56 -> disco2/"Hitman (2007) 1080p BDRip Dual Latino-Ingles [Subt. Esp]"
Sun May 31 19:43:35 -04 2020 :: Copiando #47 -> disco2/"Hostel Part III (2011) 320p DVDRip Audio Latino"
Sun May 31 19:43:35 -04 2020 :: Copiando #67 -> disco2/"Hotel Transylvania (2012) 720p BDRip Dual Latino-Ingles [Subt. Esp]"
Sun May 31 19:43:35 -04 2020 :: Copiando #36 -> disco2/"Hugo (2011) 480p DVDRip Audio Latino"
Sun May 31 19:43:35 -04 2020 :: Copiando #41 -> disco2/"Immortals (2011) 480p DVDRip Audio Latino"
Sun May 31 19:43:35 -04 2020 :: Copiando #58 -> disco2/"Iron Man (2008) 1080p BDRip Dual Latino-Ingles [Subt. Esp]"
Sun May 31 19:43:35 -04 2020 :: Copiando #60 -> disco2/"Iron Man 2 (2010) 1080p BDRip Dual Latino-Ingles [Subt. Esp]"
Sun May 31 19:43:35 -04 2020 :: Copiando #60 -> disco2/"Iron Man 3 (2013) 1080p BDRip Dual Latino-Ingles [Subt. Esp]"
Sun May 31 19:43:35 -04 2020 :: Copiando #77 -> disco2/"Iron Man Rise of Technovore (2013) 1080p BDRip Dual Latino-Ingles [Subt. Esp]"
Sun May 31 19:43:35 -04 2020 :: Copiando #71 -> disco2/"Jack the Giant Slayer (2013) 1080p BDRip Dual Latino-Ingles [Subt. Esp]"
Sun May 31 19:43:35 -04 2020 :: Copiando #45 -> disco2/"Jamiroquai Live at Montreux (2003) 720p BDRip"
Sun May 31 19:43:35 -04 2020 :: Copiando #53 -> disco2/"Johnny English Reborn (2011) 320p DVDRip Audio Latino"
Sun May 31 19:43:35 -04 2020 :: Copiando #42 -> disco2/"Judge Dredd (1995) 480p BDRip Audio Latino"
Sun May 31 19:43:35 -04 2020 :: Copiando #50 -> disco2/"Justice League Doom (2012) 480p BDRip Audio Latino"
Sun May 31 19:43:35 -04 2020 :: Copiando #62 -> disco2/"Kung Fu Hustle (2004) 720p BDRip Dual Latino-Chino [Subt. Esp]"
Sun May 31 19:43:35 -04 2020 :: Copiando #63 -> disco2/"Kung Fu Panda Holiday Special  (2010) 420p HDTVRip Audio Latino"
Sun May 31 19:43:35 -04 2020 :: Copiando #61 -> disco2/"La casa del fin de los tiempos (2013) 720p BDRip Audio Latino"
Sun May 31 19:43:35 -04 2020 :: Copiando #71 -> disco2/"Lara Croft Tomb Raider (2001) 720p BDRip Dual Latino-Ingles [Subt. Esp]"
Sun May 31 19:43:35 -04 2020 :: Copiando #92 -> disco2/"Lara Croft Tomb Raider - The Cradle of Life (2003) 720p BDRip Dual Latino-Ingles [Subt. Esp]"
Sun May 31 19:43:35 -04 2020 :: Copiando #94 -> disco2/"Legend of the Guardians The Owls of Ga'Hoole (2010) 1080p BDRip Dual Latino-Ingles [Subt. Esp]"
Sun May 31 19:43:35 -04 2020 :: Copiando #43 -> disco2/"Legionnaire (1998) 320p DVDRip Audio Latino"
Sun May 31 19:43:35 -04 2020 :: Copiando #91 -> disco2/"Lego Batman The Movie DC Superheroes Unite (2013) 720p BDRip Dual Latino-Ingles [Subt. Esp]"
Sun May 31 19:43:35 -04 2020 :: Copiando #58 -> disco2/"Leon. The Professional [Extended Edition] (1994) 720p Dual"
Sun May 31 19:43:35 -04 2020 :: Copiando #60 -> disco2/"Life Of Pi (2012) 1080p BDRip Dual Latino-Ingles [Subt. Esp]"
Sun May 31 19:43:35 -04 2020 :: Copiando #77 -> disco2/"Linkin Park - Road to Revolution Live at Milton Keynes (2008) 1080p DTS [Ac3]"
Sun May 31 19:43:35 -04 2020 :: Copiando #10 -> disco2/"lista1.txt"
Sun May 31 19:43:35 -04 2020 :: Copiando #71 -> disco2/"Lockout (2012) UNRATED BDRip 1080p BDRip Dual Latino-Ingles [Subt. Esp]"
Sun May 31 19:43:35 -04 2020 :: Copiando #62 -> disco2/"Looper (2012) 1080p BDRip BDRip Dual Latino-Ingles [Subt. Esp]"
Sun May 31 19:43:35 -04 2020 :: Copiando #57 -> disco2/"Margaret (2011) 720p BDRip Dual Latino-Ingles [Subt. Esp]"
Sun May 31 19:43:35 -04 2020 :: Copiando #64 -> disco2/"Minority Report (2002) 720p BDRip Dual Latino-Ingles [Subt. Esp]"
Sun May 31 19:43:35 -04 2020 :: Copiando #59 -> disco2/"Mission Impossible Ghost Protocol (2011) 320p DVDRip Latino"
Sun May 31 19:43:35 -04 2020 :: Copiando #62 -> disco2/"Monsters Inc (2001) 1080p BDRip Dual Latino-Ingles [Subt. Esp]"
Sun May 31 19:43:35 -04 2020 :: Copiando #69 -> disco2/"Monsters University (2013) 1080p BDRip Dual Latino-Ingles [Subt. Esp]"
Sun May 31 19:43:35 -04 2020 :: Copiando #66 -> disco2/"Mr. & Mrs. Smith (2005) 1080p BDRip Dual Latino-Ingles [Subt. Esp]"
Sun May 31 19:43:35 -04 2020 :: Copiando #58 -> disco2/"Oblivion (2013) 1080p BDRip Dual Latino-Ingles [Subt. Esp]"
Sun May 31 19:43:35 -04 2020 :: Copiando #75 -> disco2/"Oz the Great and Powerful (2013) 1080p BDRip Dual Latino-Ingles [Subt. Esp]"
Sun May 31 19:43:35 -04 2020 :: Copiando #61 -> disco2/"Pacific Rim (2013) 1080p BDRip Dual Latino-Ingles [Subt. Esp]"
Sun May 31 19:43:35 -04 2020 :: Copiando #61 -> disco2/"Pain & Gain (2013) 1080p BDRip Dual Latino-Ingles [Subt. Esp]"
Sun May 31 19:43:35 -04 2020 :: Copiando #79 -> disco2/"Paranormal Activity 4 (2012) UNRATED 1080p BDRip Dual Latino-Ingles [Subt. Esp]"
Sun May 31 19:43:35 -04 2020 :: Copiando #60 -> disco2/"ParaNorman (2012) 1080p BDRip Dual Latino-Ingles [Subt. Esp]"
Sun May 31 19:43:35 -04 2020 :: Copiando #85 -> disco2/"Percy Jackson Sea of Monsters (2013) 1080p BDRip BDRip Dual Latino-Ingles [Subt. Esp]"
Sun May 31 19:43:35 -04 2020 :: Copiando #87 -> disco2/"Pirates Of The Caribbean At Worlds End (2007) 720p BDRip Dual Latino-Ingles [Subt. Esp]"
Sun May 31 19:43:35 -04 2020 :: Copiando #89 -> disco2/"Pirates Of The Caribbean Dead Mans Chest (2006) 720p BDRip Dual Latino-Ingles [Subt. Esp]"
Sun May 31 19:43:35 -04 2020 :: Copiando #91 -> disco2/"Pirates Of The Caribbean On Stranger Tides (2011) 720p BDRip Dual Latino-Ingles [Subt. Esp]"
Sun May 31 19:43:35 -04 2020 :: Copiando #102 -> disco2/"Pirates Of The Caribbean The Curse Of The Black Pearl (2003) 720p BDRip Dual Latino-Ingles [Subt. Esp]"
Sun May 31 19:43:35 -04 2020 :: Copiando #62 -> disco2/"Pitch Perfect (2012) 720p BDRip Dual Latino-Ingles [Subt. Esp]"
Sun May 31 19:43:35 -04 2020 :: Copiando #60 -> disco2/"Pixar Short Films Collection Vol. 2 (2012) 720p Audio Latino"
Sun May 31 19:43:35 -04 2020 :: Copiando #61 -> disco2/"Premium Rush (2012) 720p BDRip Dual Latino-Ingles [Subt. Esp]"
Sun May 31 19:43:35 -04 2020 :: Copiando #84 -> disco2/"Prince of Persia The Sands of Time (2010) 1080p BDRip Dual Latino-Ingles [Subt. Esp]"
Sun May 31 19:43:35 -04 2020 :: Copiando #36 -> disco2/"Project X (2012) DVDRip Audio Latino"
Sun May 31 19:43:35 -04 2020 :: Copiando #60 -> disco2/"Prometheus (2012) 1080p BDRip Dual Latino-Ingles [Subt. Esp]"
Sun May 31 19:43:35 -04 2020 :: Copiando #61 -> disco2/"Pulp Fiction (1994) 720p BDRip Dual Latino-Ingles [Subt. Esp]"
Sun May 31 19:43:35 -04 2020 :: Copiando #45 -> disco2/"Puss In Boots (2011) 320p DVDRip Audio Latino"
Sun May 31 19:43:35 -04 2020 :: Copiando #62 -> disco2/"Puss in Boots The Three Diablos (2011) 480p BDRip Audio Latino"
Sun May 31 19:43:35 -04 2020 :: Copiando #49 -> disco2/"Quantum Apocalypse (2010) 480p BDRip Audio Latino"
Sun May 31 19:43:35 -04 2020 :: Copiando #35 -> disco2/"Que Pena Tu Boda HDRip Audio Latino"
Sun May 31 19:43:35 -04 2020 :: Copiando #63 -> disco2/"Rango (2011) EXTENDED 720p BDRip Dual Latino-Ingles [Subt. Esp]"
Sun May 31 19:43:35 -04 2020 :: Copiando #35 -> disco2/"Real Steel (2011) 480p BDRip Latino"
Sun May 31 19:43:35 -04 2020 :: Copiando #49 -> disco2/"REC 4 Apocalypse (2014) 1080p BDRip Audio Español"
Sun May 31 19:43:35 -04 2020 :: Copiando #12 -> disco2/"$RECYCLE.BIN"
Sun May 31 19:43:35 -04 2020 :: Copiando #40 -> disco2/"Red Tails (2012) 480p BDRip Audio Latino"
Sun May 31 19:43:35 -04 2020 :: Copiando #54 -> disco2/"Resident Evil Damnation (2012) 480p BDRip Audio Latino"
Sun May 31 19:43:35 -04 2020 :: Copiando #71 -> disco2/"Rise of the Guardians (2012) 1080p BDRip Dual Latino-Ingles [Subt. Esp]"
Sun May 31 19:43:35 -04 2020 :: Copiando #40 -> disco2/"RoboCop 1 (1987) 480p BDRip Audio Latino"
Sun May 31 19:43:35 -04 2020 :: Copiando #40 -> disco2/"RoboCop 2 (1990) 480p BDRip Audio Latino"
Sun May 31 19:43:35 -04 2020 :: Copiando #40 -> disco2/"RoboCop 3 (1993) 480p BDRip Audio Latino"
Sun May 31 19:43:35 -04 2020 :: Copiando #57 -> disco2/"Rocky II (1979) 720p BDRip Dual Latino-Ingles [Subt. Esp]"
Sun May 31 19:43:35 -04 2020 :: Copiando #58 -> disco2/"Rocky III (1982) 720p BDRip Dual Latino-Ingles [Subt. Esp]"
Sun May 31 19:43:35 -04 2020 :: Copiando #57 -> disco2/"Rocky IV (1985) 720p BDRip Dual Latino-Ingles [Subt. Esp]"
Sun May 31 19:43:35 -04 2020 :: Copiando #56 -> disco2/"Rocky V (1990) 720p BDRip Dual Latino-Ingles [Subt. Esp]"
Sun May 31 19:43:35 -04 2020 :: Copiando #61 -> disco2/"Scary Movie (2013) 1080p BDRip Dual Latino-Ingles [Subt. Esp]"
Sun May 31 19:43:35 -04 2020 :: Copiando #82 -> disco2/"Sherlock Holmes A Game Of Shadows (2011) 720p BDRip Dual Latino-Ingles [Subt. Esp]"
Sun May 31 19:43:35 -04 2020 :: Copiando #61 -> disco2/"Silent Hill (2006) 1080p BDRip Dual Latino-Ingles [Subt. Esp]"
Sun May 31 19:43:35 -04 2020 :: Copiando #72 -> disco2/"Silent Hill Revelation (2012) 1080p BDRip Dual Latino-Ingles [Subt. Esp]"
Sun May 31 19:43:35 -04 2020 :: Copiando #57 -> disco2/"Sinister (2012) 720p BDRip Dual Latino-Ingles [Subt. Esp]"
Sun May 31 19:43:35 -04 2020 :: Copiando #86 -> disco2/"Snow White and the Huntsman (2012) EXTENDED 1080p BDRip Dual Latino-Ingles [Subt. Esp]"
Sun May 31 19:43:35 -04 2020 :: Copiando #75 -> disco2/"Starship Troopers Invasion (2012) 720p BDRip Dual Latino-Ingles [Subt. Esp]"
Sun May 31 19:43:35 -04 2020 :: Copiando #73 -> disco2/"Star Trek Into Darkness (2013) 1080p BDRip Dual Latino-Ingles [Subt. Esp]"
Sun May 31 19:43:35 -04 2020 :: Copiando #38 -> disco2/"Sting Live In Berlin (2010) 720p BDRip"
Sun May 31 19:43:35 -04 2020 :: Copiando #57 -> disco2/"Super 8 (2011) 1080p BDRip Dual Latino-Ingles [Subt. Esp]"
Sun May 31 19:43:35 -04 2020 :: Copiando #43 -> disco2/"Surfer Dude (2008) 320p DVDRip Audio Latino"
Sun May 31 19:43:35 -04 2020 :: Copiando #25 -> disco2/"System Volume Information"
Sun May 31 19:43:35 -04 2020 :: Copiando #73 -> disco2/"Taken 2 (2012) UNRATED EXTENDED 720p BDRip Dual Latino-Ingles [Subt. Esp]"
Sun May 31 19:43:35 -04 2020 :: Copiando #56 -> disco2/"Tangled (2010) 720p BDRip Dual Latino-Ingles [Subt. Esp]"
Sun May 31 19:43:35 -04 2020 :: Copiando #60 -> disco2/"Ted (2012) UNRATED 720p BDRip Dual Latino-Ingles [Subt. Esp]"
Sun May 31 19:43:35 -04 2020 :: Copiando #59 -> disco2/"Teen Wolf (1985) 1080p BDRip Dual Latino-Ingles [Subt. Esp]"
Sun May 31 19:43:35 -04 2020 :: Copiando #57 -> disco2/"Tekken (2010) 1080p BDRip Dual Ingles-Espanol [Subt. Esp]"
Sun May 31 19:43:35 -04 2020 :: Copiando #55 -> disco2/"Tengo Ganas De Ti (2012) 1080p BDRip Dual Audio Español"
Sun May 31 19:43:35 -04 2020 :: Copiando #65 -> disco2/"The.Adventures.Of.Tintin.BrRip.Xvid.Audio.Latino.Ac3.5.1-Maurixio"
Sun May 31 19:43:35 -04 2020 :: Copiando #70 -> disco2/"The Amazing SpiderMan (2012) 720p BDRip Dual Latino-Ingles [Subt. Esp]"
Sun May 31 19:43:35 -04 2020 :: Copiando #69 -> disco2/"The Astronaut's Wife (1999) 720p BDRip Dual Latino-Ingles [Subt. Esp]"
Sun May 31 19:43:35 -04 2020 :: Copiando #62 -> disco2/"The Avengers (2012) 1080p BDRip Dual Latino-Ingles [Subt. Esp]"
Sun May 31 19:43:35 -04 2020 :: Copiando #63 -> disco2/"The Conjuring (2013) 1080p BDRip Dual Latino-Ingles [Subt. Esp]"
Sun May 31 19:43:35 -04 2020 :: Copiando #60 -> disco2/"The Croods (2013) 1080p BDRip Dual Latino-Ingles [Subt. Esp]"
Sun May 31 19:43:35 -04 2020 :: Copiando #57 -> disco2/"The Crow (1994) 720p BDRip Dual Latino-Ingles [Subt. Esp]"
Sun May 31 19:43:35 -04 2020 :: Copiando #76 -> disco2/"The Dark Knight Rises (2012) IMAX 1080p BDRip Dual Latino-Ingles [Subt. Esp]"
Sun May 31 19:43:35 -04 2020 :: Copiando #79 -> disco2/"The Day the Earth Stood Still (2008) 1080p BDRip Dual Latino-Ingles [Subt. Esp]"
Sun May 31 19:43:35 -04 2020 :: Copiando #10 -> disco2/"The.Divide"
Sun May 31 19:43:35 -04 2020 :: Copiando #65 -> disco2/"The Expendables (2010) 1080p BDRip Dual Latino-Ingles [Subt. Esp]"
Sun May 31 19:43:35 -04 2020 :: Copiando #66 -> disco2/"The Expendables 2 (2012) 720p BDRip Dual Latino-Ingles [Subt. Esp]"
Sun May 31 19:43:35 -04 2020 :: Copiando #57 -> disco2/"The Grey (2011) 720p BDRip Dual Latino-Ingles [Subt. Esp]"
Sun May 31 19:43:35 -04 2020 :: Copiando #66 -> disco2/"The Heat (2013) UNRATED 1080p BDRip Dual Latino-Ingles [Subt. Esp]"
Sun May 31 19:43:35 -04 2020 :: Copiando #82 -> disco2/"The Hobbit An Unexpected Journey (2012) 1080p BDRip Dual Latino-Ingles [Subt. Esp]"
Sun May 31 19:43:35 -04 2020 :: Copiando #57 -> disco2/"The Host (2013) 720p BDRip Dual Latino-Ingles [Subt. Esp]"
Sun May 31 19:43:35 -04 2020 :: Copiando #66 -> disco2/"The Hunger Games (2012) 1080p BDRip Dual Latino-Ingles [Subt. Esp]"
Sun May 31 19:43:35 -04 2020 :: Copiando #64 -> disco2/"The Impossible (2012) 1080p BDRip Dual Latino-Ingles [Subt. Esp]"
Sun May 31 19:43:35 -04 2020 :: Copiando #82 -> disco2/"The Last Exorcism Part II (2013) UNRATED 720p BDRip Dual Latino-Ingles [Subt. Esp]"
Sun May 31 19:43:35 -04 2020 :: Copiando #65 -> disco2/"The Last Samurai (2003) 720p BDRip Dual Latino-Ingles [Subt. Esp]"
Sun May 31 19:43:35 -04 2020 :: Copiando #64 -> disco2/"The Last Stand (2013) 1080p BDRip Dual Latino-Ingles [Subt. Esp]"
Sun May 31 19:43:35 -04 2020 :: Copiando #65 -> disco2/"The Lone Ranger (2013) 1080p BDRip Dual Latino-Ingles [Subt. Esp]"
Sun May 31 19:43:35 -04 2020 :: Copiando #36 -> disco2/"The Love Guru (2008) m1080p Dual.mkv"
Sun May 31 19:43:35 -04 2020 :: Copiando #51 -> disco2/"The Return of the Living Dead (1985) m720p Dual.mkv"
Sun May 31 19:43:35 -04 2020 :: Copiando #31 -> disco2/"The Rite (2011) 720p BDRip Dual"
Sun May 31 19:43:35 -04 2020 :: Copiando #36 -> disco2/"The School of Rock (2003) m720p Dual"
Sun May 31 19:43:35 -04 2020 :: Copiando #36 -> disco2/"The Smurfs 2 (2013) 1080p BDRip Dual"
Sun May 31 19:43:35 -04 2020 :: Copiando #50 -> disco2/"The.Thing.BrRip.Xvid.Audio.Latino.Ac3.5.1-Maurixio"
Sun May 31 19:43:35 -04 2020 :: Copiando #57 -> disco2/"The.Three.Musketeers.BrRip.Xvid.Audio.Latino.Ac3-Maurixio"
Sun May 31 19:43:35 -04 2020 :: Copiando #39 -> disco2/"The Three Stooges (2012) m720p Dual.mkv"
Sun May 31 19:43:35 -04 2020 :: Copiando #78 -> disco2/"The.Twilight.Saga.Breaking.Dawn.Part1.BrRip.Xvid.Audio.Latino.Ac3.5.1-Maurixio"
Sun May 31 19:43:35 -04 2020 :: Copiando #28 -> disco2/"The Twilight Saga - New Moon"
Sun May 31 19:43:35 -04 2020 :: Copiando #39 -> disco2/"This Is The End (2013) 1080p BDRip Dual"
Sun May 31 19:43:35 -04 2020 :: Copiando #25 -> disco2/"Total.Recall.1990.Lat-Mrx"
Sun May 31 19:43:35 -04 2020 :: Copiando #38 -> disco2/"Treasure Planet (2002) m1080p Dual.mkv"
Sun May 31 19:43:35 -04 2020 :: Copiando #53 -> disco2/"Tropa.De.Elite.1.BrRip.Xvid.Audio.Latino.Ac3-Maurixio"
Sun May 31 19:43:35 -04 2020 :: Copiando #53 -> disco2/"Tropa.De.Elite.2.BrRip.Xvid.Audio.Latino.Ac3-Maurixio"
Sun May 31 19:43:35 -04 2020 :: Copiando #29 -> disco2/"Turbo (2013) 1080p BDRip Dual"
Sun May 31 19:43:35 -04 2020 :: Copiando #39 -> disco2/"Universal Soldier (1992) m720p Dual.mkv"
Sun May 31 19:43:35 -04 2020 :: Copiando #29 -> disco2/"Unknown (2011) m720p Dual.mkv"
Sun May 31 19:43:35 -04 2020 :: Copiando #25 -> disco2/"Wanted (2008) m-720p Dual"
Sun May 31 19:43:35 -04 2020 :: Copiando #30 -> disco2/"Warm Bodies (2013) m-720p Dual"
Sun May 31 19:43:35 -04 2020 :: Copiando #47 -> disco2/"World War Z (2013) Unrated Cut 1080p BDRip Dual"
Sun May 31 19:43:35 -04 2020 :: Copiando #38 -> disco2/"Wreck-It Ralph (2012) 1080p BDRip Dual"
Sun May 31 19:43:35 -04 2020 :: Copiando #61 -> disco2/"Wrong.Turn.4.UNRATED.BrRip.Xvid.Audio.Latino.Ac3.5.1-Maurixio"
Sun May 31 19:44:47 -04 2020 :: Copiando #1 -> disco2/"- 10 Years (2011) 720p BDRip Dual Latino-Ingles [Subt. Esp]"
Sun May 31 19:44:47 -04 2020 :: Copiando #1 -> disco2/"- Ace Ventura 2 When Nature Calls (1995)  m720p HDTV Dual Latino-Ingles [Subt. Esp]"
Sun May 31 19:44:47 -04 2020 :: Copiando #1 -> disco2/"- Ace Ventura Pet Detective (1994) m720p HDTV Dual Latino-Ingles [Subt. Esp]"
Sun May 31 19:44:47 -04 2020 :: Copiando #1 -> disco2/"- After Earth (2013) 1080p BDRip Dual Latino-Ingles [Subt. Esp]"
Sun May 31 19:44:47 -04 2020 :: Copiando #1 -> disco2/"- Age Of The Dragons 320p BDRip Audio Ingles [Subt. Esp]"
Sun May 31 19:44:47 -04 2020 :: Copiando #1 -> disco2/"- Alien (1979) Director's Cut m-720p BDRip Dual Latino-Ingles [Subt. Esp]"
Sun May 31 19:44:47 -04 2020 :: Copiando #1 -> disco2/"- Alien 3 (1992) Special Edition 1080p BDRip Dual Latino-Ingles [Subt. Esp-Ing]"
Sun May 31 19:44:47 -04 2020 :: Copiando #1 -> disco2/"- Alien Resurrection (1997) Special Edition 720p BDRip Dual Latino-Ingles [Subt. Esp-Ing]"
Sun May 31 19:44:47 -04 2020 :: Copiando #1 -> disco2/"- Alpha and Omega (2010) 720p Dual Latino-Ingles [Subt. Esp]"
Sun May 31 19:44:47 -04 2020 :: Copiando #1 -> disco2/"- A Monster In Paris (2011) 720p BDRip Dual Latino-Ingles [Subt. Esp]"
Sun May 31 19:44:47 -04 2020 :: Copiando #1 -> disco2/"- Apollo 18 (2011) 320p BDRip Audio Latino"
Sun May 31 19:44:47 -04 2020 :: Copiando #1 -> disco2/"- Arena (2011) 320p BDRip Audio Latino"
Sun May 31 19:44:47 -04 2020 :: Copiando #1 -> disco2/"- Atame (1990) m720p BDRip Audio Español"
Sun May 31 19:44:47 -04 2020 :: Copiando #1 -> disco2/"- Atlantis Milo's Return (2003) 720p BDRip  Dual Latino-Ingles [Subt. Esp]"
Sun May 31 19:44:47 -04 2020 :: Copiando #1 -> disco2/"Avatar Extended 1080p Dual Latino-Ingles [Subt. Esp]"
Sun May 31 19:44:47 -04 2020 :: Copiando #1 -> disco2/"Bad Ass (2012) m720p  Dual Latino-Ingles [Subt. Esp]"
Sun May 31 19:44:47 -04 2020 :: Copiando #1 -> disco2/"Batman The Dark Knight (2008) 1080p  Dual Latino-Ingles [Subt. Esp]"
Sun May 31 19:44:47 -04 2020 :: Copiando #1 -> disco2/"Beautiful Creatures (2013) m-720p  Dual Latino-Ingles [Subt. Esp]"
Sun May 31 19:44:47 -04 2020 :: Copiando #1 -> disco2/"Ben-Hur (1959) 320p BDRip Audio Latino"
Sun May 31 19:44:47 -04 2020 :: Copiando #1 -> disco2/"Big Trouble in Little China (1986) m720p  Dual Latino-Ingles [Subt. Esp]"
Sun May 31 19:44:47 -04 2020 :: Copiando #1 -> disco2/"Blade Runner (1982) 720p BDRip Dual Latino-Inglés [Subt. Esp]"
Sun May 31 19:44:47 -04 2020 :: Copiando #1 -> disco2/"Bram Stoker's Dracula (1992) 1080p BDRip Dual Latino-Ingles [Subt. Esp]"
Sun May 31 19:44:47 -04 2020 :: Copiando #1 -> disco2/"Brave (2012) 720p Dual Latino-Ingles [Subt. Esp]"
Sun May 31 19:44:47 -04 2020 :: Copiando #1 -> disco2/"Bullet To The Head (2012) 720p BDRip  Dual Latino-Ingles [Subt. Esp]"
Sun May 31 19:44:47 -04 2020 :: Copiando #1 -> disco2/"Captain America The First Avenger (2011) m720p  Dual Latino-Ingles [Subt. Esp]"
Sun May 31 19:44:47 -04 2020 :: Copiando #1 -> disco2/"Carrie (1976) 320p BDRip Audio Latino"
Sun May 31 19:44:47 -04 2020 :: Copiando #1 -> disco2/"Cat In The Hat (2003) BDRip 320p Audio Latino"
Sun May 31 19:44:47 -04 2020 :: Copiando #1 -> disco2/"Chronicle (2012) 320p BDRip Audio Latino "
Sun May 31 19:44:47 -04 2020 :: Copiando #1 -> disco2/"Cloud Atlas (2012) m720p BDRip Dual Latino-Ingles [Subt. Esp]"
Sun May 31 19:44:47 -04 2020 :: Copiando #1 -> disco2/"Colombiana (2011) 320p BDRip Dual Audio Latino"
Sun May 31 19:44:47 -04 2020 :: Copiando #1 -> disco2/"Constantine (2005) 720p BDRip Dual Latino-Ingles [Subt. Esp]"
Sun May 31 19:44:47 -04 2020 :: Copiando #1 -> disco2/"Cowboy Bebop The Movie (2001) 720p BDRip Dual Latino-Ingles [Subt. Esp]"
Sun May 31 19:44:47 -04 2020 :: Copiando #1 -> disco2/"Cowboys and Aliens (2011) 1080p Dual Latino-Ingles [Subt. Esp]"
Sun May 31 19:44:47 -04 2020 :: Copiando #1 -> disco2/"Curse of Chucky (2013) 720p BDRip Dual Latino-Ingles [Subt. Esp]"
Sun May 31 19:44:47 -04 2020 :: Copiando #1 -> disco2/"Dark Shadows (2012) 1080p Dual Latino-Ingles [Subt. Esp]"
Sun May 31 19:44:47 -04 2020 :: Copiando #1 -> disco2/"Dark Skies (2013) 720p BDRip Dual Latino-Ingles [Subt. Esp]"
Sun May 31 19:44:47 -04 2020 :: Copiando #1 -> disco2/"David Guetta - iTunes Festival London 2014 1080p WEB-DL AAC2.0 H.264"
Sun May 31 19:44:47 -04 2020 :: Copiando #1 -> disco2/"Death Race 3 Inferno (2013) 720p BDRip Dual Latino-Ingles [Subt. Esp]"
Sun May 31 19:44:47 -04 2020 :: Copiando #1 -> disco2/"Despicable Me 2 (2013) 1080p BDRip Dual Latino-Ingles [Subt. Esp]"
Sun May 31 19:44:47 -04 2020 :: Copiando #1 -> disco2/"Die Hard (1988) 720p Dual Latino-Ingles [Subt. Esp]"
Sun May 31 19:44:47 -04 2020 :: Copiando #1 -> disco2/"Die hard 2 (1990) 720p Dual Latino-Ingles [Subt. Esp]"
Sun May 31 19:44:47 -04 2020 :: Copiando #1 -> disco2/"Die hard 3 with a vengeance (1995) 720p Dual Latino-Ingles [Subt. Esp]"
Sun May 31 19:44:47 -04 2020 :: Copiando #1 -> disco2/"Die hard 4 Live free or die hard (2007) 720p Dual Latino-Ingles [Subt. Esp]"
Sun May 31 19:44:47 -04 2020 :: Copiando #1 -> disco2/"Dragon Ball Z - Battle of Gods (2013) 1080p BDRip Japons [Subt. Esp]"
Sun May 31 19:44:47 -04 2020 :: Copiando #1 -> disco2/"DreamWorks Spooky Stories (2012) m720p Dual Latino-Ingles [Subt. Esp]"
Sun May 31 19:44:47 -04 2020 :: Copiando #1 -> disco2/"Dredd (2012) 1080p Dual Latino-Ingles [Subt. Esp]"
Sun May 31 19:44:47 -04 2020 :: Copiando #1 -> disco2/"Edward Scissorhands (1990) 1080p Dual Latino-Ingles [Subt. Esp]"
Sun May 31 19:44:47 -04 2020 :: Copiando #1 -> disco2/"Enemy Mine (1985) 720p BDRip Dual Latino-Ingles [Subt. Esp]"
Sun May 31 19:44:47 -04 2020 :: Copiando #1 -> disco2/"Escape from Planet Earth (2013) 720p BDRip Dual Latino-Ingles [Subt. Esp]"
Sun May 31 19:44:47 -04 2020 :: Copiando #1 -> disco2/"Evangelion 1.11 You Are (Not) Alone (2007) 1080p BDRip Dual Japones-Ingles [Subt. Esp]"
Sun May 31 19:44:47 -04 2020 :: Copiando #1 -> disco2/"Evangelion 2.22 You Can (Not) Advance (2009) 1080p BDRip Dual Japones-Ingles [Subt. Esp]"
Sun May 31 19:44:47 -04 2020 :: Copiando #1 -> disco2/"Evangelion 3.33 You Can (Not) Redo (2012) 1080p BDRip Audio Japones [Subt. Esp]"
Sun May 31 19:44:47 -04 2020 :: Copiando #1 -> disco2/"Evil Dead II - Dead By Dawn (1987) 720p BDRip Dual Latino-Ingles [Subt. Esp-Ing]"
Sun May 31 19:44:47 -04 2020 :: Copiando #1 -> disco2/"Final Destination 5 (2011) 320p BDRip Audio Latino"
Sun May 31 19:44:47 -04 2020 :: Copiando #1 -> disco2/"Frankenweenie (2012) 720p BDRip Dual Latino-Ingles [Subt. Esp]"
Sun May 31 19:44:47 -04 2020 :: Copiando #1 -> disco2/"Getaway (2013) 720p BDRip Dual Latino-Ingles [Subt. Esp]"
Sun May 31 19:44:47 -04 2020 :: Copiando #1 -> disco2/"Ghost Rider Spirit Of Vengeance (2012) 320p DVDRip Audio Latino"
Sun May 31 19:44:47 -04 2020 :: Copiando #1 -> disco2/"G.i.Joe - Retaliation (2013) 1080p BDRip Dual Latino-Ingles [Subt. Esp]"
Sun May 31 19:44:47 -04 2020 :: Copiando #1 -> disco2/"Glee The Concert Movie (2011) 320p DVDRip Audio Latino"
Sun May 31 19:44:47 -04 2020 :: Copiando #1 -> disco2/"Gone in Sixty Seconds (2000) 720p BDRip Dual Latino-Ingles [Subt. Esp]"
Sun May 31 19:44:47 -04 2020 :: Copiando #1 -> disco2/"Gremlins (1984) 720p BDRip Dual Latino-Ingles [Subt. Esp]"
Sun May 31 19:44:47 -04 2020 :: Copiando #1 -> disco2/"Gremlins 2 The New Batch (1990) 720p BDRip Dual Latino-Ingles [Subt. Esp]"
Sun May 31 19:44:47 -04 2020 :: Copiando #1 -> disco2/"Grown Ups (2010) 720p BDRip Dual Latino-Ingles [Subt. Esp]"
Sun May 31 19:44:47 -04 2020 :: Copiando #1 -> disco2/"Halo 4 Forward Unto Dawn (2012) 720p BDRip Dual Latino-Ingles [Subt. Esp]"
Sun May 31 19:44:47 -04 2020 :: Copiando #1 -> disco2/"Hansel & Gretel Witch Hunters (2013) 1080p BDRip Dual Latino-Ingles [Subt. Esp]"
Sun May 31 19:44:47 -04 2020 :: Copiando #1 -> disco2/"Hitman (2007) 1080p BDRip Dual Latino-Ingles [Subt. Esp]"
Sun May 31 19:44:47 -04 2020 :: Copiando #1 -> disco2/"Hostel Part III (2011) 320p DVDRip Audio Latino"
Sun May 31 19:44:47 -04 2020 :: Copiando #1 -> disco2/"Hotel Transylvania (2012) 720p BDRip Dual Latino-Ingles [Subt. Esp]"
Sun May 31 19:44:47 -04 2020 :: Copiando #1 -> disco2/"Hugo (2011) 480p DVDRip Audio Latino"
Sun May 31 19:44:47 -04 2020 :: Copiando #1 -> disco2/"Immortals (2011) 480p DVDRip Audio Latino"
Sun May 31 19:44:47 -04 2020 :: Copiando #1 -> disco2/"Iron Man (2008) 1080p BDRip Dual Latino-Ingles [Subt. Esp]"
Sun May 31 19:44:47 -04 2020 :: Copiando #1 -> disco2/"Iron Man 2 (2010) 1080p BDRip Dual Latino-Ingles [Subt. Esp]"
Sun May 31 19:44:47 -04 2020 :: Copiando #1 -> disco2/"Iron Man 3 (2013) 1080p BDRip Dual Latino-Ingles [Subt. Esp]"
Sun May 31 19:44:47 -04 2020 :: Copiando #1 -> disco2/"Iron Man Rise of Technovore (2013) 1080p BDRip Dual Latino-Ingles [Subt. Esp]"
Sun May 31 19:44:47 -04 2020 :: Copiando #1 -> disco2/"Jack the Giant Slayer (2013) 1080p BDRip Dual Latino-Ingles [Subt. Esp]"
Sun May 31 19:44:47 -04 2020 :: Copiando #1 -> disco2/"Jamiroquai Live at Montreux (2003) 720p BDRip"
Sun May 31 19:44:47 -04 2020 :: Copiando #1 -> disco2/"Johnny English Reborn (2011) 320p DVDRip Audio Latino"
Sun May 31 19:44:47 -04 2020 :: Copiando #1 -> disco2/"Judge Dredd (1995) 480p BDRip Audio Latino"
Sun May 31 19:44:47 -04 2020 :: Copiando #1 -> disco2/"Justice League Doom (2012) 480p BDRip Audio Latino"
Sun May 31 19:44:47 -04 2020 :: Copiando #1 -> disco2/"Kung Fu Hustle (2004) 720p BDRip Dual Latino-Chino [Subt. Esp]"
Sun May 31 19:44:47 -04 2020 :: Copiando #1 -> disco2/"Kung Fu Panda Holiday Special  (2010) 420p HDTVRip Audio Latino"
Sun May 31 19:44:47 -04 2020 :: Copiando #1 -> disco2/"La casa del fin de los tiempos (2013) 720p BDRip Audio Latino"
Sun May 31 19:44:47 -04 2020 :: Copiando #1 -> disco2/"Lara Croft Tomb Raider (2001) 720p BDRip Dual Latino-Ingles [Subt. Esp]"
Sun May 31 19:44:47 -04 2020 :: Copiando #1 -> disco2/"Lara Croft Tomb Raider - The Cradle of Life (2003) 720p BDRip Dual Latino-Ingles [Subt. Esp]"
Sun May 31 19:44:47 -04 2020 :: Copiando #1 -> disco2/"Legend of the Guardians The Owls of Ga'Hoole (2010) 1080p BDRip Dual Latino-Ingles [Subt. Esp]"
Sun May 31 19:44:47 -04 2020 :: Copiando #1 -> disco2/"Legionnaire (1998) 320p DVDRip Audio Latino"
Sun May 31 19:44:47 -04 2020 :: Copiando #1 -> disco2/"Lego Batman The Movie DC Superheroes Unite (2013) 720p BDRip Dual Latino-Ingles [Subt. Esp]"
Sun May 31 19:44:47 -04 2020 :: Copiando #1 -> disco2/"Leon. The Professional [Extended Edition] (1994) 720p Dual"
Sun May 31 19:44:47 -04 2020 :: Copiando #1 -> disco2/"Life Of Pi (2012) 1080p BDRip Dual Latino-Ingles [Subt. Esp]"
Sun May 31 19:44:47 -04 2020 :: Copiando #1 -> disco2/"Linkin Park - Road to Revolution Live at Milton Keynes (2008) 1080p DTS [Ac3]"
Sun May 31 19:44:47 -04 2020 :: Copiando #1 -> disco2/"lista1.txt"
Sun May 31 19:44:47 -04 2020 :: Copiando #1 -> disco2/"Lockout (2012) UNRATED BDRip 1080p BDRip Dual Latino-Ingles [Subt. Esp]"
Sun May 31 19:44:47 -04 2020 :: Copiando #1 -> disco2/"Looper (2012) 1080p BDRip BDRip Dual Latino-Ingles [Subt. Esp]"
Sun May 31 19:44:47 -04 2020 :: Copiando #1 -> disco2/"Margaret (2011) 720p BDRip Dual Latino-Ingles [Subt. Esp]"
Sun May 31 19:44:47 -04 2020 :: Copiando #1 -> disco2/"Minority Report (2002) 720p BDRip Dual Latino-Ingles [Subt. Esp]"
Sun May 31 19:44:47 -04 2020 :: Copiando #1 -> disco2/"Mission Impossible Ghost Protocol (2011) 320p DVDRip Latino"
Sun May 31 19:44:47 -04 2020 :: Copiando #1 -> disco2/"Monsters Inc (2001) 1080p BDRip Dual Latino-Ingles [Subt. Esp]"
Sun May 31 19:44:47 -04 2020 :: Copiando #1 -> disco2/"Monsters University (2013) 1080p BDRip Dual Latino-Ingles [Subt. Esp]"
Sun May 31 19:44:47 -04 2020 :: Copiando #1 -> disco2/"Mr. & Mrs. Smith (2005) 1080p BDRip Dual Latino-Ingles [Subt. Esp]"
Sun May 31 19:44:47 -04 2020 :: Copiando #1 -> disco2/"Oblivion (2013) 1080p BDRip Dual Latino-Ingles [Subt. Esp]"
Sun May 31 19:44:47 -04 2020 :: Copiando #1 -> disco2/"Oz the Great and Powerful (2013) 1080p BDRip Dual Latino-Ingles [Subt. Esp]"
Sun May 31 19:44:47 -04 2020 :: Copiando #1 -> disco2/"Pacific Rim (2013) 1080p BDRip Dual Latino-Ingles [Subt. Esp]"
Sun May 31 19:44:47 -04 2020 :: Copiando #1 -> disco2/"Pain & Gain (2013) 1080p BDRip Dual Latino-Ingles [Subt. Esp]"
Sun May 31 19:44:47 -04 2020 :: Copiando #1 -> disco2/"Paranormal Activity 4 (2012) UNRATED 1080p BDRip Dual Latino-Ingles [Subt. Esp]"
Sun May 31 19:44:47 -04 2020 :: Copiando #1 -> disco2/"ParaNorman (2012) 1080p BDRip Dual Latino-Ingles [Subt. Esp]"
Sun May 31 19:44:47 -04 2020 :: Copiando #1 -> disco2/"Percy Jackson Sea of Monsters (2013) 1080p BDRip BDRip Dual Latino-Ingles [Subt. Esp]"
Sun May 31 19:44:47 -04 2020 :: Copiando #1 -> disco2/"Pirates Of The Caribbean At Worlds End (2007) 720p BDRip Dual Latino-Ingles [Subt. Esp]"
Sun May 31 19:44:47 -04 2020 :: Copiando #1 -> disco2/"Pirates Of The Caribbean Dead Mans Chest (2006) 720p BDRip Dual Latino-Ingles [Subt. Esp]"
Sun May 31 19:44:47 -04 2020 :: Copiando #1 -> disco2/"Pirates Of The Caribbean On Stranger Tides (2011) 720p BDRip Dual Latino-Ingles [Subt. Esp]"
Sun May 31 19:44:47 -04 2020 :: Copiando #1 -> disco2/"Pirates Of The Caribbean The Curse Of The Black Pearl (2003) 720p BDRip Dual Latino-Ingles [Subt. Esp]"
Sun May 31 19:44:47 -04 2020 :: Copiando #1 -> disco2/"Pitch Perfect (2012) 720p BDRip Dual Latino-Ingles [Subt. Esp]"
Sun May 31 19:44:47 -04 2020 :: Copiando #1 -> disco2/"Pixar Short Films Collection Vol. 2 (2012) 720p Audio Latino"
Sun May 31 19:44:47 -04 2020 :: Copiando #1 -> disco2/"Premium Rush (2012) 720p BDRip Dual Latino-Ingles [Subt. Esp]"
Sun May 31 19:44:47 -04 2020 :: Copiando #1 -> disco2/"Prince of Persia The Sands of Time (2010) 1080p BDRip Dual Latino-Ingles [Subt. Esp]"
Sun May 31 19:44:47 -04 2020 :: Copiando #1 -> disco2/"Project X (2012) DVDRip Audio Latino"
Sun May 31 19:44:47 -04 2020 :: Copiando #1 -> disco2/"Prometheus (2012) 1080p BDRip Dual Latino-Ingles [Subt. Esp]"
Sun May 31 19:44:47 -04 2020 :: Copiando #1 -> disco2/"Pulp Fiction (1994) 720p BDRip Dual Latino-Ingles [Subt. Esp]"
Sun May 31 19:44:47 -04 2020 :: Copiando #1 -> disco2/"Puss In Boots (2011) 320p DVDRip Audio Latino"
Sun May 31 19:44:47 -04 2020 :: Copiando #1 -> disco2/"Puss in Boots The Three Diablos (2011) 480p BDRip Audio Latino"
Sun May 31 19:44:47 -04 2020 :: Copiando #1 -> disco2/"Quantum Apocalypse (2010) 480p BDRip Audio Latino"
Sun May 31 19:44:47 -04 2020 :: Copiando #1 -> disco2/"Que Pena Tu Boda HDRip Audio Latino"
Sun May 31 19:44:47 -04 2020 :: Copiando #1 -> disco2/"Rango (2011) EXTENDED 720p BDRip Dual Latino-Ingles [Subt. Esp]"
Sun May 31 19:44:47 -04 2020 :: Copiando #1 -> disco2/"Real Steel (2011) 480p BDRip Latino"
Sun May 31 19:44:47 -04 2020 :: Copiando #1 -> disco2/"REC 4 Apocalypse (2014) 1080p BDRip Audio Español"
Sun May 31 19:44:47 -04 2020 :: Copiando #1 -> disco2/"$RECYCLE.BIN"
Sun May 31 19:44:47 -04 2020 :: Copiando #1 -> disco2/"Red Tails (2012) 480p BDRip Audio Latino"
Sun May 31 19:44:47 -04 2020 :: Copiando #1 -> disco2/"Resident Evil Damnation (2012) 480p BDRip Audio Latino"
Sun May 31 19:44:47 -04 2020 :: Copiando #1 -> disco2/"Rise of the Guardians (2012) 1080p BDRip Dual Latino-Ingles [Subt. Esp]"
Sun May 31 19:44:47 -04 2020 :: Copiando #1 -> disco2/"RoboCop 1 (1987) 480p BDRip Audio Latino"
Sun May 31 19:44:47 -04 2020 :: Copiando #1 -> disco2/"RoboCop 2 (1990) 480p BDRip Audio Latino"
Sun May 31 19:44:47 -04 2020 :: Copiando #1 -> disco2/"RoboCop 3 (1993) 480p BDRip Audio Latino"
Sun May 31 19:44:47 -04 2020 :: Copiando #1 -> disco2/"Rocky II (1979) 720p BDRip Dual Latino-Ingles [Subt. Esp]"
Sun May 31 19:44:47 -04 2020 :: Copiando #1 -> disco2/"Rocky III (1982) 720p BDRip Dual Latino-Ingles [Subt. Esp]"
Sun May 31 19:44:47 -04 2020 :: Copiando #1 -> disco2/"Rocky IV (1985) 720p BDRip Dual Latino-Ingles [Subt. Esp]"
Sun May 31 19:44:47 -04 2020 :: Copiando #1 -> disco2/"Rocky V (1990) 720p BDRip Dual Latino-Ingles [Subt. Esp]"
Sun May 31 19:44:47 -04 2020 :: Copiando #1 -> disco2/"Scary Movie (2013) 1080p BDRip Dual Latino-Ingles [Subt. Esp]"
Sun May 31 19:44:47 -04 2020 :: Copiando #1 -> disco2/"Sherlock Holmes A Game Of Shadows (2011) 720p BDRip Dual Latino-Ingles [Subt. Esp]"
Sun May 31 19:44:47 -04 2020 :: Copiando #1 -> disco2/"Silent Hill (2006) 1080p BDRip Dual Latino-Ingles [Subt. Esp]"
Sun May 31 19:44:47 -04 2020 :: Copiando #1 -> disco2/"Silent Hill Revelation (2012) 1080p BDRip Dual Latino-Ingles [Subt. Esp]"
Sun May 31 19:44:47 -04 2020 :: Copiando #1 -> disco2/"Sinister (2012) 720p BDRip Dual Latino-Ingles [Subt. Esp]"
Sun May 31 19:44:47 -04 2020 :: Copiando #1 -> disco2/"Snow White and the Huntsman (2012) EXTENDED 1080p BDRip Dual Latino-Ingles [Subt. Esp]"
Sun May 31 19:44:47 -04 2020 :: Copiando #1 -> disco2/"Starship Troopers Invasion (2012) 720p BDRip Dual Latino-Ingles [Subt. Esp]"
Sun May 31 19:44:47 -04 2020 :: Copiando #1 -> disco2/"Star Trek Into Darkness (2013) 1080p BDRip Dual Latino-Ingles [Subt. Esp]"
Sun May 31 19:44:47 -04 2020 :: Copiando #1 -> disco2/"Sting Live In Berlin (2010) 720p BDRip"
Sun May 31 19:44:47 -04 2020 :: Copiando #1 -> disco2/"Super 8 (2011) 1080p BDRip Dual Latino-Ingles [Subt. Esp]"
Sun May 31 19:44:47 -04 2020 :: Copiando #1 -> disco2/"Surfer Dude (2008) 320p DVDRip Audio Latino"
Sun May 31 19:44:47 -04 2020 :: Copiando #1 -> disco2/"System Volume Information"
Sun May 31 19:44:47 -04 2020 :: Copiando #1 -> disco2/"Taken 2 (2012) UNRATED EXTENDED 720p BDRip Dual Latino-Ingles [Subt. Esp]"
Sun May 31 19:44:47 -04 2020 :: Copiando #1 -> disco2/"Tangled (2010) 720p BDRip Dual Latino-Ingles [Subt. Esp]"
Sun May 31 19:44:47 -04 2020 :: Copiando #1 -> disco2/"Ted (2012) UNRATED 720p BDRip Dual Latino-Ingles [Subt. Esp]"
Sun May 31 19:44:47 -04 2020 :: Copiando #1 -> disco2/"Teen Wolf (1985) 1080p BDRip Dual Latino-Ingles [Subt. Esp]"
Sun May 31 19:44:47 -04 2020 :: Copiando #1 -> disco2/"Tekken (2010) 1080p BDRip Dual Ingles-Espanol [Subt. Esp]"
Sun May 31 19:44:47 -04 2020 :: Copiando #1 -> disco2/"Tengo Ganas De Ti (2012) 1080p BDRip Dual Audio Español"
Sun May 31 19:44:47 -04 2020 :: Copiando #1 -> disco2/"The.Adventures.Of.Tintin.BrRip.Xvid.Audio.Latino.Ac3.5.1-Maurixio"
Sun May 31 19:44:47 -04 2020 :: Copiando #1 -> disco2/"The Amazing SpiderMan (2012) 720p BDRip Dual Latino-Ingles [Subt. Esp]"
Sun May 31 19:44:47 -04 2020 :: Copiando #1 -> disco2/"The Astronaut's Wife (1999) 720p BDRip Dual Latino-Ingles [Subt. Esp]"
Sun May 31 19:44:47 -04 2020 :: Copiando #1 -> disco2/"The Avengers (2012) 1080p BDRip Dual Latino-Ingles [Subt. Esp]"
Sun May 31 19:44:47 -04 2020 :: Copiando #1 -> disco2/"The Conjuring (2013) 1080p BDRip Dual Latino-Ingles [Subt. Esp]"
Sun May 31 19:44:47 -04 2020 :: Copiando #1 -> disco2/"The Croods (2013) 1080p BDRip Dual Latino-Ingles [Subt. Esp]"
Sun May 31 19:44:47 -04 2020 :: Copiando #1 -> disco2/"The Crow (1994) 720p BDRip Dual Latino-Ingles [Subt. Esp]"
Sun May 31 19:44:47 -04 2020 :: Copiando #1 -> disco2/"The Dark Knight Rises (2012) IMAX 1080p BDRip Dual Latino-Ingles [Subt. Esp]"
Sun May 31 19:44:47 -04 2020 :: Copiando #1 -> disco2/"The Day the Earth Stood Still (2008) 1080p BDRip Dual Latino-Ingles [Subt. Esp]"
Sun May 31 19:44:47 -04 2020 :: Copiando #1 -> disco2/"The.Divide"
Sun May 31 19:44:47 -04 2020 :: Copiando #1 -> disco2/"The Expendables (2010) 1080p BDRip Dual Latino-Ingles [Subt. Esp]"
Sun May 31 19:44:47 -04 2020 :: Copiando #1 -> disco2/"The Expendables 2 (2012) 720p BDRip Dual Latino-Ingles [Subt. Esp]"
Sun May 31 19:44:47 -04 2020 :: Copiando #1 -> disco2/"The Grey (2011) 720p BDRip Dual Latino-Ingles [Subt. Esp]"
Sun May 31 19:44:47 -04 2020 :: Copiando #1 -> disco2/"The Heat (2013) UNRATED 1080p BDRip Dual Latino-Ingles [Subt. Esp]"
Sun May 31 19:44:47 -04 2020 :: Copiando #1 -> disco2/"The Hobbit An Unexpected Journey (2012) 1080p BDRip Dual Latino-Ingles [Subt. Esp]"
Sun May 31 19:44:47 -04 2020 :: Copiando #1 -> disco2/"The Host (2013) 720p BDRip Dual Latino-Ingles [Subt. Esp]"
Sun May 31 19:44:47 -04 2020 :: Copiando #1 -> disco2/"The Hunger Games (2012) 1080p BDRip Dual Latino-Ingles [Subt. Esp]"
Sun May 31 19:44:47 -04 2020 :: Copiando #1 -> disco2/"The Impossible (2012) 1080p BDRip Dual Latino-Ingles [Subt. Esp]"
Sun May 31 19:44:47 -04 2020 :: Copiando #1 -> disco2/"The Last Exorcism Part II (2013) UNRATED 720p BDRip Dual Latino-Ingles [Subt. Esp]"
Sun May 31 19:44:47 -04 2020 :: Copiando #1 -> disco2/"The Last Samurai (2003) 720p BDRip Dual Latino-Ingles [Subt. Esp]"
Sun May 31 19:44:47 -04 2020 :: Copiando #1 -> disco2/"The Last Stand (2013) 1080p BDRip Dual Latino-Ingles [Subt. Esp]"
Sun May 31 19:44:47 -04 2020 :: Copiando #1 -> disco2/"The Lone Ranger (2013) 1080p BDRip Dual Latino-Ingles [Subt. Esp]"
Sun May 31 19:44:47 -04 2020 :: Copiando #1 -> disco2/"The Love Guru (2008) m1080p Dual.mkv"
Sun May 31 19:44:47 -04 2020 :: Copiando #1 -> disco2/"The Return of the Living Dead (1985) m720p Dual.mkv"
Sun May 31 19:44:47 -04 2020 :: Copiando #1 -> disco2/"The Rite (2011) 720p BDRip Dual"
Sun May 31 19:44:47 -04 2020 :: Copiando #1 -> disco2/"The School of Rock (2003) m720p Dual"
Sun May 31 19:44:47 -04 2020 :: Copiando #1 -> disco2/"The Smurfs 2 (2013) 1080p BDRip Dual"
Sun May 31 19:44:47 -04 2020 :: Copiando #1 -> disco2/"The.Thing.BrRip.Xvid.Audio.Latino.Ac3.5.1-Maurixio"
Sun May 31 19:44:47 -04 2020 :: Copiando #1 -> disco2/"The.Three.Musketeers.BrRip.Xvid.Audio.Latino.Ac3-Maurixio"
Sun May 31 19:44:47 -04 2020 :: Copiando #1 -> disco2/"The Three Stooges (2012) m720p Dual.mkv"
Sun May 31 19:44:47 -04 2020 :: Copiando #1 -> disco2/"The.Twilight.Saga.Breaking.Dawn.Part1.BrRip.Xvid.Audio.Latino.Ac3.5.1-Maurixio"
Sun May 31 19:44:47 -04 2020 :: Copiando #1 -> disco2/"The Twilight Saga - New Moon"
Sun May 31 19:44:47 -04 2020 :: Copiando #1 -> disco2/"This Is The End (2013) 1080p BDRip Dual"
Sun May 31 19:44:47 -04 2020 :: Copiando #1 -> disco2/"Total.Recall.1990.Lat-Mrx"
Sun May 31 19:44:47 -04 2020 :: Copiando #1 -> disco2/"Treasure Planet (2002) m1080p Dual.mkv"
Sun May 31 19:44:47 -04 2020 :: Copiando #1 -> disco2/"Tropa.De.Elite.1.BrRip.Xvid.Audio.Latino.Ac3-Maurixio"
Sun May 31 19:44:47 -04 2020 :: Copiando #1 -> disco2/"Tropa.De.Elite.2.BrRip.Xvid.Audio.Latino.Ac3-Maurixio"
Sun May 31 19:44:47 -04 2020 :: Copiando #1 -> disco2/"Turbo (2013) 1080p BDRip Dual"
Sun May 31 19:44:47 -04 2020 :: Copiando #1 -> disco2/"Universal Soldier (1992) m720p Dual.mkv"
Sun May 31 19:44:47 -04 2020 :: Copiando #1 -> disco2/"Unknown (2011) m720p Dual.mkv"
Sun May 31 19:44:47 -04 2020 :: Copiando #1 -> disco2/"Wanted (2008) m-720p Dual"
Sun May 31 19:44:47 -04 2020 :: Copiando #1 -> disco2/"Warm Bodies (2013) m-720p Dual"
Sun May 31 19:44:47 -04 2020 :: Copiando #1 -> disco2/"World War Z (2013) Unrated Cut 1080p BDRip Dual"
Sun May 31 19:44:47 -04 2020 :: Copiando #1 -> disco2/"Wreck-It Ralph (2012) 1080p BDRip Dual"
Sun May 31 19:44:47 -04 2020 :: Copiando #1 -> disco2/"Wrong.Turn.4.UNRATED.BrRip.Xvid.Audio.Latino.Ac3.5.1-Maurixio"
Sun May 31 19:45:00 -04 2020 :: Copiando #1 -> disco2/"- 10 Years (2011) 720p BDRip Dual Latino-Ingles [Subt. Esp]"
Sun May 31 19:45:00 -04 2020 :: Copiando #2 -> disco2/"- Ace Ventura 2 When Nature Calls (1995)  m720p HDTV Dual Latino-Ingles [Subt. Esp]"
Sun May 31 19:45:00 -04 2020 :: Copiando #3 -> disco2/"- Ace Ventura Pet Detective (1994) m720p HDTV Dual Latino-Ingles [Subt. Esp]"
Sun May 31 19:45:00 -04 2020 :: Copiando #4 -> disco2/"- After Earth (2013) 1080p BDRip Dual Latino-Ingles [Subt. Esp]"
Sun May 31 19:45:00 -04 2020 :: Copiando #5 -> disco2/"- Age Of The Dragons 320p BDRip Audio Ingles [Subt. Esp]"
Sun May 31 19:45:00 -04 2020 :: Copiando #6 -> disco2/"- Alien (1979) Director's Cut m-720p BDRip Dual Latino-Ingles [Subt. Esp]"
Sun May 31 19:45:00 -04 2020 :: Copiando #7 -> disco2/"- Alien 3 (1992) Special Edition 1080p BDRip Dual Latino-Ingles [Subt. Esp-Ing]"
Sun May 31 19:45:00 -04 2020 :: Copiando #8 -> disco2/"- Alien Resurrection (1997) Special Edition 720p BDRip Dual Latino-Ingles [Subt. Esp-Ing]"
Sun May 31 19:45:00 -04 2020 :: Copiando #10 -> disco2/"- Alpha and Omega (2010) 720p Dual Latino-Ingles [Subt. Esp]"
Sun May 31 19:45:00 -04 2020 :: Copiando #11 -> disco2/"- A Monster In Paris (2011) 720p BDRip Dual Latino-Ingles [Subt. Esp]"
Sun May 31 19:45:00 -04 2020 :: Copiando #12 -> disco2/"- Apollo 18 (2011) 320p BDRip Audio Latino"
Sun May 31 19:45:00 -04 2020 :: Copiando #13 -> disco2/"- Arena (2011) 320p BDRip Audio Latino"
Sun May 31 19:45:00 -04 2020 :: Copiando #14 -> disco2/"- Atame (1990) m720p BDRip Audio Español"
Sun May 31 19:45:00 -04 2020 :: Copiando #15 -> disco2/"- Atlantis Milo's Return (2003) 720p BDRip  Dual Latino-Ingles [Subt. Esp]"
Sun May 31 19:45:00 -04 2020 :: Copiando #16 -> disco2/"Avatar Extended 1080p Dual Latino-Ingles [Subt. Esp]"
Sun May 31 19:45:00 -04 2020 :: Copiando #17 -> disco2/"Bad Ass (2012) m720p  Dual Latino-Ingles [Subt. Esp]"
Sun May 31 19:45:00 -04 2020 :: Copiando #18 -> disco2/"Batman The Dark Knight (2008) 1080p  Dual Latino-Ingles [Subt. Esp]"
Sun May 31 19:45:00 -04 2020 :: Copiando #19 -> disco2/"Beautiful Creatures (2013) m-720p  Dual Latino-Ingles [Subt. Esp]"
Sun May 31 19:45:00 -04 2020 :: Copiando #20 -> disco2/"Ben-Hur (1959) 320p BDRip Audio Latino"
Sun May 31 19:45:00 -04 2020 :: Copiando #21 -> disco2/"Big Trouble in Little China (1986) m720p  Dual Latino-Ingles [Subt. Esp]"
Sun May 31 19:45:00 -04 2020 :: Copiando #22 -> disco2/"Blade Runner (1982) 720p BDRip Dual Latino-Inglés [Subt. Esp]"
Sun May 31 19:45:00 -04 2020 :: Copiando #23 -> disco2/"Bram Stoker's Dracula (1992) 1080p BDRip Dual Latino-Ingles [Subt. Esp]"
Sun May 31 19:45:00 -04 2020 :: Copiando #24 -> disco2/"Brave (2012) 720p Dual Latino-Ingles [Subt. Esp]"
Sun May 31 19:45:00 -04 2020 :: Copiando #25 -> disco2/"Bullet To The Head (2012) 720p BDRip  Dual Latino-Ingles [Subt. Esp]"
Sun May 31 19:45:00 -04 2020 :: Copiando #26 -> disco2/"Captain America The First Avenger (2011) m720p  Dual Latino-Ingles [Subt. Esp]"
Sun May 31 19:45:00 -04 2020 :: Copiando #27 -> disco2/"Carrie (1976) 320p BDRip Audio Latino"
Sun May 31 19:45:00 -04 2020 :: Copiando #28 -> disco2/"Cat In The Hat (2003) BDRip 320p Audio Latino"
Sun May 31 19:45:00 -04 2020 :: Copiando #29 -> disco2/"Chronicle (2012) 320p BDRip Audio Latino "
Sun May 31 19:45:00 -04 2020 :: Copiando #30 -> disco2/"Cloud Atlas (2012) m720p BDRip Dual Latino-Ingles [Subt. Esp]"
Sun May 31 19:45:00 -04 2020 :: Copiando #31 -> disco2/"Colombiana (2011) 320p BDRip Dual Audio Latino"
Sun May 31 19:45:00 -04 2020 :: Copiando #32 -> disco2/"Constantine (2005) 720p BDRip Dual Latino-Ingles [Subt. Esp]"
Sun May 31 19:45:00 -04 2020 :: Copiando #33 -> disco2/"Cowboy Bebop The Movie (2001) 720p BDRip Dual Latino-Ingles [Subt. Esp]"
Sun May 31 19:45:00 -04 2020 :: Copiando #34 -> disco2/"Cowboys and Aliens (2011) 1080p Dual Latino-Ingles [Subt. Esp]"
Sun May 31 19:45:00 -04 2020 :: Copiando #35 -> disco2/"Curse of Chucky (2013) 720p BDRip Dual Latino-Ingles [Subt. Esp]"
Sun May 31 19:45:00 -04 2020 :: Copiando #36 -> disco2/"Dark Shadows (2012) 1080p Dual Latino-Ingles [Subt. Esp]"
Sun May 31 19:45:00 -04 2020 :: Copiando #37 -> disco2/"Dark Skies (2013) 720p BDRip Dual Latino-Ingles [Subt. Esp]"
Sun May 31 19:45:00 -04 2020 :: Copiando #38 -> disco2/"David Guetta - iTunes Festival London 2014 1080p WEB-DL AAC2.0 H.264"
Sun May 31 19:45:00 -04 2020 :: Copiando #39 -> disco2/"Death Race 3 Inferno (2013) 720p BDRip Dual Latino-Ingles [Subt. Esp]"
Sun May 31 19:45:00 -04 2020 :: Copiando #40 -> disco2/"Despicable Me 2 (2013) 1080p BDRip Dual Latino-Ingles [Subt. Esp]"
Sun May 31 19:45:00 -04 2020 :: Copiando #41 -> disco2/"Die Hard (1988) 720p Dual Latino-Ingles [Subt. Esp]"
Sun May 31 19:45:00 -04 2020 :: Copiando #42 -> disco2/"Die hard 2 (1990) 720p Dual Latino-Ingles [Subt. Esp]"
Sun May 31 19:45:00 -04 2020 :: Copiando #43 -> disco2/"Die hard 3 with a vengeance (1995) 720p Dual Latino-Ingles [Subt. Esp]"
Sun May 31 19:45:00 -04 2020 :: Copiando #44 -> disco2/"Die hard 4 Live free or die hard (2007) 720p Dual Latino-Ingles [Subt. Esp]"
Sun May 31 19:45:00 -04 2020 :: Copiando #45 -> disco2/"Dragon Ball Z - Battle of Gods (2013) 1080p BDRip Japons [Subt. Esp]"
Sun May 31 19:45:00 -04 2020 :: Copiando #46 -> disco2/"DreamWorks Spooky Stories (2012) m720p Dual Latino-Ingles [Subt. Esp]"
Sun May 31 19:45:00 -04 2020 :: Copiando #47 -> disco2/"Dredd (2012) 1080p Dual Latino-Ingles [Subt. Esp]"
Sun May 31 19:45:00 -04 2020 :: Copiando #48 -> disco2/"Edward Scissorhands (1990) 1080p Dual Latino-Ingles [Subt. Esp]"
Sun May 31 19:45:00 -04 2020 :: Copiando #49 -> disco2/"Enemy Mine (1985) 720p BDRip Dual Latino-Ingles [Subt. Esp]"
Sun May 31 19:45:00 -04 2020 :: Copiando #50 -> disco2/"Escape from Planet Earth (2013) 720p BDRip Dual Latino-Ingles [Subt. Esp]"
Sun May 31 19:45:00 -04 2020 :: Copiando #51 -> disco2/"Evangelion 1.11 You Are (Not) Alone (2007) 1080p BDRip Dual Japones-Ingles [Subt. Esp]"
Sun May 31 19:45:00 -04 2020 :: Copiando #52 -> disco2/"Evangelion 2.22 You Can (Not) Advance (2009) 1080p BDRip Dual Japones-Ingles [Subt. Esp]"
Sun May 31 19:45:00 -04 2020 :: Copiando #53 -> disco2/"Evangelion 3.33 You Can (Not) Redo (2012) 1080p BDRip Audio Japones [Subt. Esp]"
Sun May 31 19:45:00 -04 2020 :: Copiando #54 -> disco2/"Evil Dead II - Dead By Dawn (1987) 720p BDRip Dual Latino-Ingles [Subt. Esp-Ing]"
Sun May 31 19:45:00 -04 2020 :: Copiando #55 -> disco2/"Final Destination 5 (2011) 320p BDRip Audio Latino"
Sun May 31 19:45:00 -04 2020 :: Copiando #56 -> disco2/"Frankenweenie (2012) 720p BDRip Dual Latino-Ingles [Subt. Esp]"
Sun May 31 19:45:00 -04 2020 :: Copiando #57 -> disco2/"Getaway (2013) 720p BDRip Dual Latino-Ingles [Subt. Esp]"
Sun May 31 19:45:00 -04 2020 :: Copiando #58 -> disco2/"Ghost Rider Spirit Of Vengeance (2012) 320p DVDRip Audio Latino"
Sun May 31 19:45:00 -04 2020 :: Copiando #59 -> disco2/"G.i.Joe - Retaliation (2013) 1080p BDRip Dual Latino-Ingles [Subt. Esp]"
Sun May 31 19:45:00 -04 2020 :: Copiando #60 -> disco2/"Glee The Concert Movie (2011) 320p DVDRip Audio Latino"
Sun May 31 19:45:00 -04 2020 :: Copiando #61 -> disco2/"Gone in Sixty Seconds (2000) 720p BDRip Dual Latino-Ingles [Subt. Esp]"
Sun May 31 19:45:00 -04 2020 :: Copiando #62 -> disco2/"Gremlins (1984) 720p BDRip Dual Latino-Ingles [Subt. Esp]"
Sun May 31 19:45:00 -04 2020 :: Copiando #63 -> disco2/"Gremlins 2 The New Batch (1990) 720p BDRip Dual Latino-Ingles [Subt. Esp]"
Sun May 31 19:45:00 -04 2020 :: Copiando #64 -> disco2/"Grown Ups (2010) 720p BDRip Dual Latino-Ingles [Subt. Esp]"
Sun May 31 19:45:00 -04 2020 :: Copiando #65 -> disco2/"Halo 4 Forward Unto Dawn (2012) 720p BDRip Dual Latino-Ingles [Subt. Esp]"
Sun May 31 19:45:00 -04 2020 :: Copiando #66 -> disco2/"Hansel & Gretel Witch Hunters (2013) 1080p BDRip Dual Latino-Ingles [Subt. Esp]"
Sun May 31 19:45:00 -04 2020 :: Copiando #67 -> disco2/"Hitman (2007) 1080p BDRip Dual Latino-Ingles [Subt. Esp]"
Sun May 31 19:45:00 -04 2020 :: Copiando #68 -> disco2/"Hostel Part III (2011) 320p DVDRip Audio Latino"
Sun May 31 19:45:00 -04 2020 :: Copiando #69 -> disco2/"Hotel Transylvania (2012) 720p BDRip Dual Latino-Ingles [Subt. Esp]"
Sun May 31 19:45:00 -04 2020 :: Copiando #70 -> disco2/"Hugo (2011) 480p DVDRip Audio Latino"
Sun May 31 19:45:00 -04 2020 :: Copiando #71 -> disco2/"Immortals (2011) 480p DVDRip Audio Latino"
Sun May 31 19:45:00 -04 2020 :: Copiando #72 -> disco2/"Iron Man (2008) 1080p BDRip Dual Latino-Ingles [Subt. Esp]"
Sun May 31 19:45:00 -04 2020 :: Copiando #73 -> disco2/"Iron Man 2 (2010) 1080p BDRip Dual Latino-Ingles [Subt. Esp]"
Sun May 31 19:45:00 -04 2020 :: Copiando #74 -> disco2/"Iron Man 3 (2013) 1080p BDRip Dual Latino-Ingles [Subt. Esp]"
Sun May 31 19:45:00 -04 2020 :: Copiando #75 -> disco2/"Iron Man Rise of Technovore (2013) 1080p BDRip Dual Latino-Ingles [Subt. Esp]"
Sun May 31 19:45:00 -04 2020 :: Copiando #76 -> disco2/"Jack the Giant Slayer (2013) 1080p BDRip Dual Latino-Ingles [Subt. Esp]"
Sun May 31 19:45:00 -04 2020 :: Copiando #77 -> disco2/"Jamiroquai Live at Montreux (2003) 720p BDRip"
Sun May 31 19:45:00 -04 2020 :: Copiando #78 -> disco2/"Johnny English Reborn (2011) 320p DVDRip Audio Latino"
Sun May 31 19:45:00 -04 2020 :: Copiando #79 -> disco2/"Judge Dredd (1995) 480p BDRip Audio Latino"
Sun May 31 19:45:00 -04 2020 :: Copiando #80 -> disco2/"Justice League Doom (2012) 480p BDRip Audio Latino"
Sun May 31 19:45:00 -04 2020 :: Copiando #81 -> disco2/"Kung Fu Hustle (2004) 720p BDRip Dual Latino-Chino [Subt. Esp]"
Sun May 31 19:45:00 -04 2020 :: Copiando #82 -> disco2/"Kung Fu Panda Holiday Special  (2010) 420p HDTVRip Audio Latino"
Sun May 31 19:45:00 -04 2020 :: Copiando #83 -> disco2/"La casa del fin de los tiempos (2013) 720p BDRip Audio Latino"
Sun May 31 19:45:00 -04 2020 :: Copiando #84 -> disco2/"Lara Croft Tomb Raider (2001) 720p BDRip Dual Latino-Ingles [Subt. Esp]"
Sun May 31 19:45:00 -04 2020 :: Copiando #85 -> disco2/"Lara Croft Tomb Raider - The Cradle of Life (2003) 720p BDRip Dual Latino-Ingles [Subt. Esp]"
Sun May 31 19:45:00 -04 2020 :: Copiando #86 -> disco2/"Legend of the Guardians The Owls of Ga'Hoole (2010) 1080p BDRip Dual Latino-Ingles [Subt. Esp]"
Sun May 31 19:45:00 -04 2020 :: Copiando #87 -> disco2/"Legionnaire (1998) 320p DVDRip Audio Latino"
Sun May 31 19:45:00 -04 2020 :: Copiando #88 -> disco2/"Lego Batman The Movie DC Superheroes Unite (2013) 720p BDRip Dual Latino-Ingles [Subt. Esp]"
Sun May 31 19:45:00 -04 2020 :: Copiando #89 -> disco2/"Leon. The Professional [Extended Edition] (1994) 720p Dual"
Sun May 31 19:45:00 -04 2020 :: Copiando #90 -> disco2/"Life Of Pi (2012) 1080p BDRip Dual Latino-Ingles [Subt. Esp]"
Sun May 31 19:45:00 -04 2020 :: Copiando #91 -> disco2/"Linkin Park - Road to Revolution Live at Milton Keynes (2008) 1080p DTS [Ac3]"
Sun May 31 19:45:00 -04 2020 :: Copiando #92 -> disco2/"lista1.txt"
Sun May 31 19:45:00 -04 2020 :: Copiando #93 -> disco2/"Lockout (2012) UNRATED BDRip 1080p BDRip Dual Latino-Ingles [Subt. Esp]"
Sun May 31 19:45:00 -04 2020 :: Copiando #94 -> disco2/"Looper (2012) 1080p BDRip BDRip Dual Latino-Ingles [Subt. Esp]"
Sun May 31 19:45:00 -04 2020 :: Copiando #95 -> disco2/"Margaret (2011) 720p BDRip Dual Latino-Ingles [Subt. Esp]"
Sun May 31 19:45:00 -04 2020 :: Copiando #96 -> disco2/"Minority Report (2002) 720p BDRip Dual Latino-Ingles [Subt. Esp]"
Sun May 31 19:45:00 -04 2020 :: Copiando #97 -> disco2/"Mission Impossible Ghost Protocol (2011) 320p DVDRip Latino"
Sun May 31 19:45:00 -04 2020 :: Copiando #98 -> disco2/"Monsters Inc (2001) 1080p BDRip Dual Latino-Ingles [Subt. Esp]"
Sun May 31 19:45:00 -04 2020 :: Copiando #99 -> disco2/"Monsters University (2013) 1080p BDRip Dual Latino-Ingles [Subt. Esp]"
Sun May 31 19:45:00 -04 2020 :: Copiando #100 -> disco2/"Mr. & Mrs. Smith (2005) 1080p BDRip Dual Latino-Ingles [Subt. Esp]"
Sun May 31 19:45:00 -04 2020 :: Copiando #101 -> disco2/"Oblivion (2013) 1080p BDRip Dual Latino-Ingles [Subt. Esp]"
Sun May 31 19:45:00 -04 2020 :: Copiando #102 -> disco2/"Oz the Great and Powerful (2013) 1080p BDRip Dual Latino-Ingles [Subt. Esp]"
Sun May 31 19:45:00 -04 2020 :: Copiando #103 -> disco2/"Pacific Rim (2013) 1080p BDRip Dual Latino-Ingles [Subt. Esp]"
Sun May 31 19:45:00 -04 2020 :: Copiando #104 -> disco2/"Pain & Gain (2013) 1080p BDRip Dual Latino-Ingles [Subt. Esp]"
Sun May 31 19:45:00 -04 2020 :: Copiando #105 -> disco2/"Paranormal Activity 4 (2012) UNRATED 1080p BDRip Dual Latino-Ingles [Subt. Esp]"
Sun May 31 19:45:00 -04 2020 :: Copiando #106 -> disco2/"ParaNorman (2012) 1080p BDRip Dual Latino-Ingles [Subt. Esp]"
Sun May 31 19:45:00 -04 2020 :: Copiando #107 -> disco2/"Percy Jackson Sea of Monsters (2013) 1080p BDRip BDRip Dual Latino-Ingles [Subt. Esp]"
Sun May 31 19:45:00 -04 2020 :: Copiando #108 -> disco2/"Pirates Of The Caribbean At Worlds End (2007) 720p BDRip Dual Latino-Ingles [Subt. Esp]"
Sun May 31 19:45:00 -04 2020 :: Copiando #109 -> disco2/"Pirates Of The Caribbean Dead Mans Chest (2006) 720p BDRip Dual Latino-Ingles [Subt. Esp]"
Sun May 31 19:45:00 -04 2020 :: Copiando #110 -> disco2/"Pirates Of The Caribbean On Stranger Tides (2011) 720p BDRip Dual Latino-Ingles [Subt. Esp]"
Sun May 31 19:45:00 -04 2020 :: Copiando #111 -> disco2/"Pirates Of The Caribbean The Curse Of The Black Pearl (2003) 720p BDRip Dual Latino-Ingles [Subt. Esp]"
Sun May 31 19:45:00 -04 2020 :: Copiando #112 -> disco2/"Pitch Perfect (2012) 720p BDRip Dual Latino-Ingles [Subt. Esp]"
Sun May 31 19:45:00 -04 2020 :: Copiando #113 -> disco2/"Pixar Short Films Collection Vol. 2 (2012) 720p Audio Latino"
Sun May 31 19:45:00 -04 2020 :: Copiando #114 -> disco2/"Premium Rush (2012) 720p BDRip Dual Latino-Ingles [Subt. Esp]"
Sun May 31 19:45:00 -04 2020 :: Copiando #115 -> disco2/"Prince of Persia The Sands of Time (2010) 1080p BDRip Dual Latino-Ingles [Subt. Esp]"
Sun May 31 19:45:00 -04 2020 :: Copiando #116 -> disco2/"Project X (2012) DVDRip Audio Latino"
Sun May 31 19:45:00 -04 2020 :: Copiando #117 -> disco2/"Prometheus (2012) 1080p BDRip Dual Latino-Ingles [Subt. Esp]"
Sun May 31 19:45:00 -04 2020 :: Copiando #118 -> disco2/"Pulp Fiction (1994) 720p BDRip Dual Latino-Ingles [Subt. Esp]"
Sun May 31 19:45:00 -04 2020 :: Copiando #119 -> disco2/"Puss In Boots (2011) 320p DVDRip Audio Latino"
Sun May 31 19:45:00 -04 2020 :: Copiando #120 -> disco2/"Puss in Boots The Three Diablos (2011) 480p BDRip Audio Latino"
Sun May 31 19:45:00 -04 2020 :: Copiando #121 -> disco2/"Quantum Apocalypse (2010) 480p BDRip Audio Latino"
Sun May 31 19:45:00 -04 2020 :: Copiando #122 -> disco2/"Que Pena Tu Boda HDRip Audio Latino"
Sun May 31 19:45:00 -04 2020 :: Copiando #123 -> disco2/"Rango (2011) EXTENDED 720p BDRip Dual Latino-Ingles [Subt. Esp]"
Sun May 31 19:45:00 -04 2020 :: Copiando #124 -> disco2/"Real Steel (2011) 480p BDRip Latino"
Sun May 31 19:45:00 -04 2020 :: Copiando #125 -> disco2/"REC 4 Apocalypse (2014) 1080p BDRip Audio Español"
Sun May 31 19:45:00 -04 2020 :: Copiando #126 -> disco2/"$RECYCLE.BIN"
Sun May 31 19:45:00 -04 2020 :: Copiando #127 -> disco2/"Red Tails (2012) 480p BDRip Audio Latino"
Sun May 31 19:45:00 -04 2020 :: Copiando #128 -> disco2/"Resident Evil Damnation (2012) 480p BDRip Audio Latino"
Sun May 31 19:45:00 -04 2020 :: Copiando #129 -> disco2/"Rise of the Guardians (2012) 1080p BDRip Dual Latino-Ingles [Subt. Esp]"
Sun May 31 19:45:00 -04 2020 :: Copiando #130 -> disco2/"RoboCop 1 (1987) 480p BDRip Audio Latino"
Sun May 31 19:45:00 -04 2020 :: Copiando #131 -> disco2/"RoboCop 2 (1990) 480p BDRip Audio Latino"
Sun May 31 19:45:00 -04 2020 :: Copiando #132 -> disco2/"RoboCop 3 (1993) 480p BDRip Audio Latino"
Sun May 31 19:45:00 -04 2020 :: Copiando #133 -> disco2/"Rocky II (1979) 720p BDRip Dual Latino-Ingles [Subt. Esp]"
Sun May 31 19:45:00 -04 2020 :: Copiando #134 -> disco2/"Rocky III (1982) 720p BDRip Dual Latino-Ingles [Subt. Esp]"
Sun May 31 19:45:00 -04 2020 :: Copiando #135 -> disco2/"Rocky IV (1985) 720p BDRip Dual Latino-Ingles [Subt. Esp]"
Sun May 31 19:45:00 -04 2020 :: Copiando #136 -> disco2/"Rocky V (1990) 720p BDRip Dual Latino-Ingles [Subt. Esp]"
Sun May 31 19:45:00 -04 2020 :: Copiando #137 -> disco2/"Scary Movie (2013) 1080p BDRip Dual Latino-Ingles [Subt. Esp]"
Sun May 31 19:45:00 -04 2020 :: Copiando #138 -> disco2/"Sherlock Holmes A Game Of Shadows (2011) 720p BDRip Dual Latino-Ingles [Subt. Esp]"
Sun May 31 19:45:00 -04 2020 :: Copiando #139 -> disco2/"Silent Hill (2006) 1080p BDRip Dual Latino-Ingles [Subt. Esp]"
Sun May 31 19:45:00 -04 2020 :: Copiando #140 -> disco2/"Silent Hill Revelation (2012) 1080p BDRip Dual Latino-Ingles [Subt. Esp]"
Sun May 31 19:45:00 -04 2020 :: Copiando #141 -> disco2/"Sinister (2012) 720p BDRip Dual Latino-Ingles [Subt. Esp]"
Sun May 31 19:45:00 -04 2020 :: Copiando #142 -> disco2/"Snow White and the Huntsman (2012) EXTENDED 1080p BDRip Dual Latino-Ingles [Subt. Esp]"
Sun May 31 19:45:00 -04 2020 :: Copiando #143 -> disco2/"Starship Troopers Invasion (2012) 720p BDRip Dual Latino-Ingles [Subt. Esp]"
Sun May 31 19:45:00 -04 2020 :: Copiando #144 -> disco2/"Star Trek Into Darkness (2013) 1080p BDRip Dual Latino-Ingles [Subt. Esp]"
Sun May 31 19:45:00 -04 2020 :: Copiando #145 -> disco2/"Sting Live In Berlin (2010) 720p BDRip"
Sun May 31 19:45:00 -04 2020 :: Copiando #146 -> disco2/"Super 8 (2011) 1080p BDRip Dual Latino-Ingles [Subt. Esp]"
Sun May 31 19:45:00 -04 2020 :: Copiando #147 -> disco2/"Surfer Dude (2008) 320p DVDRip Audio Latino"
Sun May 31 19:45:00 -04 2020 :: Copiando #148 -> disco2/"System Volume Information"
Sun May 31 19:45:00 -04 2020 :: Copiando #149 -> disco2/"Taken 2 (2012) UNRATED EXTENDED 720p BDRip Dual Latino-Ingles [Subt. Esp]"
Sun May 31 19:45:00 -04 2020 :: Copiando #150 -> disco2/"Tangled (2010) 720p BDRip Dual Latino-Ingles [Subt. Esp]"
Sun May 31 19:45:00 -04 2020 :: Copiando #151 -> disco2/"Ted (2012) UNRATED 720p BDRip Dual Latino-Ingles [Subt. Esp]"
Sun May 31 19:45:00 -04 2020 :: Copiando #152 -> disco2/"Teen Wolf (1985) 1080p BDRip Dual Latino-Ingles [Subt. Esp]"
Sun May 31 19:45:00 -04 2020 :: Copiando #153 -> disco2/"Tekken (2010) 1080p BDRip Dual Ingles-Espanol [Subt. Esp]"
Sun May 31 19:45:00 -04 2020 :: Copiando #154 -> disco2/"Tengo Ganas De Ti (2012) 1080p BDRip Dual Audio Español"
Sun May 31 19:45:00 -04 2020 :: Copiando #155 -> disco2/"The.Adventures.Of.Tintin.BrRip.Xvid.Audio.Latino.Ac3.5.1-Maurixio"
Sun May 31 19:45:00 -04 2020 :: Copiando #156 -> disco2/"The Amazing SpiderMan (2012) 720p BDRip Dual Latino-Ingles [Subt. Esp]"
Sun May 31 19:45:00 -04 2020 :: Copiando #157 -> disco2/"The Astronaut's Wife (1999) 720p BDRip Dual Latino-Ingles [Subt. Esp]"
Sun May 31 19:45:00 -04 2020 :: Copiando #158 -> disco2/"The Avengers (2012) 1080p BDRip Dual Latino-Ingles [Subt. Esp]"
Sun May 31 19:45:00 -04 2020 :: Copiando #159 -> disco2/"The Conjuring (2013) 1080p BDRip Dual Latino-Ingles [Subt. Esp]"
Sun May 31 19:45:00 -04 2020 :: Copiando #160 -> disco2/"The Croods (2013) 1080p BDRip Dual Latino-Ingles [Subt. Esp]"
Sun May 31 19:45:00 -04 2020 :: Copiando #161 -> disco2/"The Crow (1994) 720p BDRip Dual Latino-Ingles [Subt. Esp]"
Sun May 31 19:45:00 -04 2020 :: Copiando #162 -> disco2/"The Dark Knight Rises (2012) IMAX 1080p BDRip Dual Latino-Ingles [Subt. Esp]"
Sun May 31 19:45:00 -04 2020 :: Copiando #163 -> disco2/"The Day the Earth Stood Still (2008) 1080p BDRip Dual Latino-Ingles [Subt. Esp]"
Sun May 31 19:45:00 -04 2020 :: Copiando #164 -> disco2/"The.Divide"
Sun May 31 19:45:00 -04 2020 :: Copiando #165 -> disco2/"The Expendables (2010) 1080p BDRip Dual Latino-Ingles [Subt. Esp]"
Sun May 31 19:45:00 -04 2020 :: Copiando #166 -> disco2/"The Expendables 2 (2012) 720p BDRip Dual Latino-Ingles [Subt. Esp]"
Sun May 31 19:45:00 -04 2020 :: Copiando #167 -> disco2/"The Grey (2011) 720p BDRip Dual Latino-Ingles [Subt. Esp]"
Sun May 31 19:45:00 -04 2020 :: Copiando #168 -> disco2/"The Heat (2013) UNRATED 1080p BDRip Dual Latino-Ingles [Subt. Esp]"
Sun May 31 19:45:00 -04 2020 :: Copiando #169 -> disco2/"The Hobbit An Unexpected Journey (2012) 1080p BDRip Dual Latino-Ingles [Subt. Esp]"
Sun May 31 19:45:00 -04 2020 :: Copiando #170 -> disco2/"The Host (2013) 720p BDRip Dual Latino-Ingles [Subt. Esp]"
Sun May 31 19:45:00 -04 2020 :: Copiando #171 -> disco2/"The Hunger Games (2012) 1080p BDRip Dual Latino-Ingles [Subt. Esp]"
Sun May 31 19:45:00 -04 2020 :: Copiando #172 -> disco2/"The Impossible (2012) 1080p BDRip Dual Latino-Ingles [Subt. Esp]"
Sun May 31 19:45:00 -04 2020 :: Copiando #173 -> disco2/"The Last Exorcism Part II (2013) UNRATED 720p BDRip Dual Latino-Ingles [Subt. Esp]"
Sun May 31 19:45:00 -04 2020 :: Copiando #174 -> disco2/"The Last Samurai (2003) 720p BDRip Dual Latino-Ingles [Subt. Esp]"
Sun May 31 19:45:00 -04 2020 :: Copiando #175 -> disco2/"The Last Stand (2013) 1080p BDRip Dual Latino-Ingles [Subt. Esp]"
Sun May 31 19:45:00 -04 2020 :: Copiando #176 -> disco2/"The Lone Ranger (2013) 1080p BDRip Dual Latino-Ingles [Subt. Esp]"
Sun May 31 19:45:00 -04 2020 :: Copiando #177 -> disco2/"The Love Guru (2008) m1080p Dual.mkv"
Sun May 31 19:45:00 -04 2020 :: Copiando #178 -> disco2/"The Return of the Living Dead (1985) m720p Dual.mkv"
Sun May 31 19:45:00 -04 2020 :: Copiando #179 -> disco2/"The Rite (2011) 720p BDRip Dual"
Sun May 31 19:45:00 -04 2020 :: Copiando #180 -> disco2/"The School of Rock (2003) m720p Dual"
Sun May 31 19:45:00 -04 2020 :: Copiando #181 -> disco2/"The Smurfs 2 (2013) 1080p BDRip Dual"
Sun May 31 19:45:00 -04 2020 :: Copiando #182 -> disco2/"The.Thing.BrRip.Xvid.Audio.Latino.Ac3.5.1-Maurixio"
Sun May 31 19:45:00 -04 2020 :: Copiando #183 -> disco2/"The.Three.Musketeers.BrRip.Xvid.Audio.Latino.Ac3-Maurixio"
Sun May 31 19:45:00 -04 2020 :: Copiando #184 -> disco2/"The Three Stooges (2012) m720p Dual.mkv"
Sun May 31 19:45:00 -04 2020 :: Copiando #185 -> disco2/"The.Twilight.Saga.Breaking.Dawn.Part1.BrRip.Xvid.Audio.Latino.Ac3.5.1-Maurixio"
Sun May 31 19:45:00 -04 2020 :: Copiando #186 -> disco2/"The Twilight Saga - New Moon"
Sun May 31 19:45:00 -04 2020 :: Copiando #187 -> disco2/"This Is The End (2013) 1080p BDRip Dual"
Sun May 31 19:45:00 -04 2020 :: Copiando #188 -> disco2/"Total.Recall.1990.Lat-Mrx"
Sun May 31 19:45:00 -04 2020 :: Copiando #189 -> disco2/"Treasure Planet (2002) m1080p Dual.mkv"
Sun May 31 19:45:00 -04 2020 :: Copiando #190 -> disco2/"Tropa.De.Elite.1.BrRip.Xvid.Audio.Latino.Ac3-Maurixio"
Sun May 31 19:45:00 -04 2020 :: Copiando #191 -> disco2/"Tropa.De.Elite.2.BrRip.Xvid.Audio.Latino.Ac3-Maurixio"
Sun May 31 19:45:00 -04 2020 :: Copiando #192 -> disco2/"Turbo (2013) 1080p BDRip Dual"
Sun May 31 19:45:00 -04 2020 :: Copiando #193 -> disco2/"Universal Soldier (1992) m720p Dual.mkv"
Sun May 31 19:45:00 -04 2020 :: Copiando #194 -> disco2/"Unknown (2011) m720p Dual.mkv"
Sun May 31 19:45:00 -04 2020 :: Copiando #195 -> disco2/"Wanted (2008) m-720p Dual"
Sun May 31 19:45:00 -04 2020 :: Copiando #196 -> disco2/"Warm Bodies (2013) m-720p Dual"
Sun May 31 19:45:00 -04 2020 :: Copiando #197 -> disco2/"World War Z (2013) Unrated Cut 1080p BDRip Dual"
Sun May 31 19:45:00 -04 2020 :: Copiando #198 -> disco2/"Wreck-It Ralph (2012) 1080p BDRip Dual"
Sun May 31 19:45:00 -04 2020 :: Copiando #199 -> disco2/"Wrong.Turn.4.UNRATED.BrRip.Xvid.Audio.Latino.Ac3.5.1-Maurixio"
